<?xml version="1.0" encoding="utf-8"?>
<CoverageSession xmlns:xsd="http://www.w3.org/2001/XMLSchema" xmlns:xsi="http://www.w3.org/2001/XMLSchema-instance">
  <Summary numSequencePoints="236" visitedSequencePoints="62" numBranchPoints="139" visitedBranchPoints="21" sequenceCoverage="26.27" branchCoverage="15.11" maxCyclomaticComplexity="46" minCyclomaticComplexity="1" visitedClasses="11" numClasses="35" visitedMethods="16" numMethods="121" />
  <Modules>
    <Module skippedDueTo="Filter" hash="2F-88-A9-BB-B6-16-36-10-AC-73-83-54-44-F5-17-12-E0-9F-03-28">
      <ModulePath>c:\Program Files\dotnet\shared\Microsoft.NETCore.App\2.0.0\System.Private.CoreLib.dll</ModulePath>
      <ModuleTime>2017-07-20T11:22:08Z</ModuleTime>
      <ModuleName>System.Private.CoreLib</ModuleName>
      <Files />
      <Classes />
    </Module>
    <Module skippedDueTo="Filter" hash="F7-4D-D9-14-5A-90-21-C9-4E-86-49-01-D6-A7-3B-F7-36-72-76-BD">
      <ModulePath>c:\Program Files\dotnet\sdk\2.0.2\dotnet.dll</ModulePath>
      <ModuleTime>2017-09-27T13:10:38Z</ModuleTime>
      <ModuleName>dotnet</ModuleName>
      <Files />
      <Classes />
    </Module>
    <Module skippedDueTo="Filter" hash="B1-9D-98-DD-3C-A1-89-69-AC-7E-F1-16-E9-88-3F-F4-4C-77-AB-38">
      <ModulePath>c:\Program Files\dotnet\shared\Microsoft.NETCore.App\2.0.0\System.Runtime.dll</ModulePath>
      <ModuleTime>2017-07-20T11:22:08Z</ModuleTime>
      <ModuleName>System.Runtime</ModuleName>
      <Files />
      <Classes />
    </Module>
    <Module skippedDueTo="Filter" hash="2B-35-BB-8B-7B-AF-43-D0-33-84-F4-EE-E0-5A-B3-BF-FD-75-DF-B9">
      <ModulePath>c:\Program Files\dotnet\sdk\2.0.2\Microsoft.DotNet.Cli.Utils.dll</ModulePath>
      <ModuleTime>2017-09-27T13:09:58Z</ModuleTime>
      <ModuleName>Microsoft.DotNet.Cli.Utils</ModuleName>
      <Files />
      <Classes />
    </Module>
    <Module skippedDueTo="Filter" hash="3C-7A-96-F0-F0-0A-AB-CF-4A-F1-7F-84-AD-D1-CC-8A-89-FB-43-30">
      <ModulePath>c:\Program Files\dotnet\shared\Microsoft.NETCore.App\2.0.0\System.Runtime.Extensions.dll</ModulePath>
      <ModuleTime>2017-07-20T11:22:08Z</ModuleTime>
      <ModuleName>System.Runtime.Extensions</ModuleName>
      <Files />
      <Classes />
    </Module>
    <Module skippedDueTo="Filter" hash="6D-5A-04-73-28-C9-26-1C-E8-75-84-50-BF-FF-76-AC-5A-9E-28-48">
      <ModulePath>c:\Program Files\dotnet\shared\Microsoft.NETCore.App\2.0.0\System.Runtime.InteropServices.RuntimeInformation.dll</ModulePath>
      <ModuleTime>2017-07-20T11:22:08Z</ModuleTime>
      <ModuleName>System.Runtime.InteropServices.RuntimeInformation</ModuleName>
      <Files />
      <Classes />
    </Module>
    <Module skippedDueTo="Filter" hash="45-E9-3D-14-67-92-EB-4A-1C-CC-E2-01-D2-6C-A1-29-4A-C8-C1-1E">
      <ModulePath>c:\Program Files\dotnet\shared\Microsoft.NETCore.App\2.0.0\System.Reflection.Extensions.dll</ModulePath>
      <ModuleTime>2017-07-20T11:22:08Z</ModuleTime>
      <ModuleName>System.Reflection.Extensions</ModuleName>
      <Files />
      <Classes />
    </Module>
    <Module skippedDueTo="Filter" hash="24-D5-33-36-52-51-67-A0-24-3D-22-95-32-23-DA-6D-B4-16-CD-CB">
      <ModulePath>c:\Program Files\dotnet\shared\Microsoft.NETCore.App\2.0.0\System.Reflection.dll</ModulePath>
      <ModuleTime>2017-07-20T11:22:08Z</ModuleTime>
      <ModuleName>System.Reflection</ModuleName>
      <Files />
      <Classes />
    </Module>
    <Module skippedDueTo="Filter" hash="73-54-22-32-26-F5-C5-28-8D-B4-86-0A-63-45-C1-9C-88-44-8C-3B">
      <ModulePath>c:\Program Files\dotnet\sdk\2.0.2\Microsoft.DotNet.PlatformAbstractions.dll</ModulePath>
      <ModuleTime>2017-09-27T13:09:58Z</ModuleTime>
      <ModuleName>Microsoft.DotNet.PlatformAbstractions</ModuleName>
      <Files />
      <Classes />
    </Module>
    <Module skippedDueTo="Filter" hash="42-05-10-61-0A-00-05-FA-1F-EB-04-C9-F9-DD-2C-D4-89-87-3F-B1">
      <ModulePath>c:\Program Files\dotnet\shared\Microsoft.NETCore.App\2.0.0\System.Runtime.InteropServices.dll</ModulePath>
      <ModuleTime>2017-07-20T11:22:08Z</ModuleTime>
      <ModuleName>System.Runtime.InteropServices</ModuleName>
      <Files />
      <Classes />
    </Module>
    <Module skippedDueTo="Filter" hash="89-70-E9-C9-2D-15-5F-35-A4-A6-47-48-86-2C-E8-14-EC-34-B9-9F">
      <ModulePath>c:\Program Files\dotnet\shared\Microsoft.NETCore.App\2.0.0\System.IO.FileSystem.dll</ModulePath>
      <ModuleTime>2017-07-20T11:22:06Z</ModuleTime>
      <ModuleName>System.IO.FileSystem</ModuleName>
      <Files />
      <Classes />
    </Module>
    <Module skippedDueTo="Filter" hash="7F-86-D1-E6-14-45-A7-32-BF-F5-26-4C-B3-4B-72-A0-1B-F2-EF-62">
      <ModulePath>c:\Program Files\dotnet\shared\Microsoft.NETCore.App\2.0.0\System.Runtime.Loader.dll</ModulePath>
      <ModuleTime>2017-07-20T11:22:08Z</ModuleTime>
      <ModuleName>System.Runtime.Loader</ModuleName>
      <Files />
      <Classes />
    </Module>
    <Module skippedDueTo="Filter" hash="D3-0D-8C-89-46-05-76-82-98-9B-3A-55-AA-A8-86-0F-4E-D3-C0-D8">
      <ModulePath>c:\Program Files\dotnet\sdk\2.0.2\runtimes\win\lib\netstandard1.3\System.Text.Encoding.CodePages.dll</ModulePath>
      <ModuleTime>2017-09-27T13:10:18Z</ModuleTime>
      <ModuleName>System.Text.Encoding.CodePages</ModuleName>
      <Files />
      <Classes />
    </Module>
    <Module skippedDueTo="Filter" hash="71-55-8B-F9-57-BC-B0-34-9A-F8-A2-C8-58-A4-C7-74-EC-A4-CD-9C">
      <ModulePath>c:\Program Files\dotnet\shared\Microsoft.NETCore.App\2.0.0\System.Text.Encoding.dll</ModulePath>
      <ModuleTime>2017-07-20T11:22:08Z</ModuleTime>
      <ModuleName>System.Text.Encoding</ModuleName>
      <Files />
      <Classes />
    </Module>
    <Module skippedDueTo="Filter" hash="F6-9B-26-AA-03-02-E2-D8-6A-A8-43-4E-56-E5-60-DE-59-F9-52-D2">
      <ModulePath>c:\Program Files\dotnet\shared\Microsoft.NETCore.App\2.0.0\System.Collections.dll</ModulePath>
      <ModuleTime>2017-07-20T11:22:06Z</ModuleTime>
      <ModuleName>System.Collections</ModuleName>
      <Files />
      <Classes />
    </Module>
    <Module skippedDueTo="Filter" hash="EB-18-C3-43-11-91-EB-51-F0-4E-50-91-DE-EC-A3-6F-E7-CE-D9-3E">
      <ModulePath>c:\Program Files\dotnet\shared\Microsoft.NETCore.App\2.0.0\System.Threading.dll</ModulePath>
      <ModuleTime>2017-07-20T11:22:08Z</ModuleTime>
      <ModuleName>System.Threading</ModuleName>
      <Files />
      <Classes />
    </Module>
    <Module skippedDueTo="Filter" hash="8B-99-E8-F0-CD-95-95-B0-68-10-D4-3A-CB-A1-0A-BE-38-66-BE-13">
      <ModulePath>c:\Program Files\dotnet\shared\Microsoft.NETCore.App\2.0.0\System.Collections.Concurrent.dll</ModulePath>
      <ModuleTime>2017-07-20T11:22:06Z</ModuleTime>
      <ModuleName>System.Collections.Concurrent</ModuleName>
      <Files />
      <Classes />
    </Module>
    <Module skippedDueTo="Filter" hash="92-A1-00-E7-E2-BF-4D-F7-95-CB-46-C2-DF-CC-15-61-47-27-B2-9F">
      <ModulePath>c:\Program Files\dotnet\shared\Microsoft.NETCore.App\2.0.0\System.Threading.Thread.dll</ModulePath>
      <ModuleTime>2017-07-20T11:22:08Z</ModuleTime>
      <ModuleName>System.Threading.Thread</ModuleName>
      <Files />
      <Classes />
    </Module>
    <Module skippedDueTo="Filter" hash="80-F3-31-87-AA-BE-F0-08-E2-C4-7C-2D-76-97-05-5F-96-6C-E3-CE">
      <ModulePath>c:\Program Files\dotnet\shared\Microsoft.NETCore.App\2.0.0\System.Linq.dll</ModulePath>
      <ModuleTime>2017-07-20T11:22:06Z</ModuleTime>
      <ModuleName>System.Linq</ModuleName>
      <Files />
      <Classes />
    </Module>
    <Module skippedDueTo="Filter" hash="F7-D7-B4-FC-2C-07-D8-B3-03-0A-2D-EC-2B-24-59-88-4D-A8-9D-6B">
      <ModulePath>c:\Program Files\dotnet\shared\Microsoft.NETCore.App\2.0.0\System.Diagnostics.Process.dll</ModulePath>
      <ModuleTime>2017-07-20T11:22:06Z</ModuleTime>
      <ModuleName>System.Diagnostics.Process</ModuleName>
      <Files />
      <Classes />
    </Module>
    <Module skippedDueTo="Filter" hash="67-51-C1-A2-8D-76-13-D9-76-79-6B-99-CD-9D-76-EC-7B-69-D9-64">
      <ModulePath>c:\Program Files\dotnet\sdk\2.0.2\Microsoft.DotNet.Configurer.dll</ModulePath>
      <ModuleTime>2017-09-27T13:09:58Z</ModuleTime>
      <ModuleName>Microsoft.DotNet.Configurer</ModuleName>
      <Files />
      <Classes />
    </Module>
    <Module skippedDueTo="Filter" hash="A9-35-05-17-48-B6-02-2A-7D-91-FC-4B-90-29-11-57-7E-06-AC-62">
      <ModulePath>c:\Program Files\dotnet\shared\Microsoft.NETCore.App\2.0.0\System.AppContext.dll</ModulePath>
      <ModuleTime>2017-07-20T11:22:06Z</ModuleTime>
      <ModuleName>System.AppContext</ModuleName>
      <Files />
      <Classes />
    </Module>
    <Module skippedDueTo="Filter" hash="28-64-0C-1D-2D-FE-9E-CA-72-94-1F-5E-D9-D2-B8-19-8B-DB-2E-70">
      <ModulePath>c:\Program Files\dotnet\sdk\2.0.2\Microsoft.DotNet.InternalAbstractions.dll</ModulePath>
      <ModuleTime>2017-09-27T13:09:58Z</ModuleTime>
      <ModuleName>Microsoft.DotNet.InternalAbstractions</ModuleName>
      <Files />
      <Classes />
    </Module>
    <Module skippedDueTo="Filter" hash="2A-C9-25-F3-D5-15-6C-B1-09-A6-1F-DA-0F-51-0B-96-DE-24-F6-E0">
      <ModulePath>c:\Program Files\dotnet\shared\Microsoft.NETCore.App\2.0.0\System.IO.FileSystem.Primitives.dll</ModulePath>
      <ModuleTime>2017-07-20T11:22:06Z</ModuleTime>
      <ModuleName>System.IO.FileSystem.Primitives</ModuleName>
      <Files />
      <Classes />
    </Module>
    <Module skippedDueTo="Filter" hash="2D-70-CB-62-DA-FC-A2-6C-E4-9F-F1-DB-4C-3B-9A-34-20-80-E4-06">
      <ModulePath>c:\Program Files\dotnet\shared\Microsoft.NETCore.App\2.0.0\System.IO.dll</ModulePath>
      <ModuleTime>2017-07-20T11:22:06Z</ModuleTime>
      <ModuleName>System.IO</ModuleName>
      <Files />
      <Classes />
    </Module>
    <Module skippedDueTo="Filter" hash="C2-3F-23-20-F7-1F-CB-50-0D-53-68-7A-E8-B2-52-96-48-F3-64-A9">
      <ModulePath>c:\Program Files\dotnet\sdk\2.0.2\NuGet.Frameworks.dll</ModulePath>
      <ModuleTime>2017-09-27T13:10:34Z</ModuleTime>
      <ModuleName>NuGet.Frameworks</ModuleName>
      <Files />
      <Classes />
    </Module>
    <Module skippedDueTo="Filter" hash="4B-B8-F7-36-81-46-46-AC-52-E9-F6-F0-10-B0-D4-A7-39-49-E6-A5">
      <ModulePath>c:\Program Files\dotnet\shared\Microsoft.NETCore.App\2.0.0\System.Console.dll</ModulePath>
      <ModuleTime>2017-07-20T11:22:06Z</ModuleTime>
      <ModuleName>System.Console</ModuleName>
      <Files />
      <Classes />
    </Module>
    <Module skippedDueTo="Filter" hash="76-A3-0C-AD-28-11-DC-81-BA-2D-4B-C3-06-E4-74-7F-83-3A-B3-DF">
      <ModulePath>c:\Program Files\dotnet\shared\Microsoft.NETCore.App\2.0.0\System.Runtime.Handles.dll</ModulePath>
      <ModuleTime>2017-07-20T11:22:08Z</ModuleTime>
      <ModuleName>System.Runtime.Handles</ModuleName>
      <Files />
      <Classes />
    </Module>
    <Module skippedDueTo="Filter" hash="B2-BE-51-C1-D6-2A-0C-53-F3-F0-12-22-46-52-B4-E1-EF-2C-9E-07">
      <ModulePath>c:\Program Files\dotnet\sdk\2.0.2\Microsoft.ApplicationInsights.dll</ModulePath>
      <ModuleTime>2017-09-27T13:09:58Z</ModuleTime>
      <ModuleName>Microsoft.ApplicationInsights</ModuleName>
      <Files />
      <Classes />
    </Module>
    <Module skippedDueTo="Filter" hash="24-EE-FA-B0-65-A3-16-54-69-54-EF-88-28-E6-5F-13-A2-DB-B0-41">
      <ModulePath>c:\Program Files\dotnet\sdk\2.0.2\Microsoft.DotNet.Cli.CommandLine.dll</ModulePath>
      <ModuleTime>2017-09-27T13:09:58Z</ModuleTime>
      <ModuleName>Microsoft.DotNet.Cli.CommandLine</ModuleName>
      <Files />
      <Classes />
    </Module>
    <Module skippedDueTo="Filter" hash="B8-E0-1C-46-05-EF-1C-0F-0F-1D-3C-D4-89-4D-08-3A-89-36-F3-E5">
      <ModulePath>c:\Program Files\dotnet\shared\Microsoft.NETCore.App\2.0.0\System.Xml.XDocument.dll</ModulePath>
      <ModuleTime>2017-07-20T11:22:08Z</ModuleTime>
      <ModuleName>System.Xml.XDocument</ModuleName>
      <Files />
      <Classes />
    </Module>
    <Module skippedDueTo="Filter" hash="2E-3F-98-9F-F8-96-78-BA-71-3A-6A-0C-9C-B3-D0-39-1E-46-25-10">
      <ModulePath>c:\Program Files\dotnet\shared\Microsoft.NETCore.App\2.0.0\System.Text.RegularExpressions.dll</ModulePath>
      <ModuleTime>2017-07-20T11:22:08Z</ModuleTime>
      <ModuleName>System.Text.RegularExpressions</ModuleName>
      <Files />
      <Classes />
    </Module>
    <Module skippedDueTo="Filter" hash="DD-F6-D3-A5-01-A8-F6-AC-1B-A1-E9-B5-7C-53-43-D4-64-1C-30-53">
      <ModulePath>c:\Program Files\dotnet\shared\Microsoft.NETCore.App\2.0.0\System.Private.Xml.Linq.dll</ModulePath>
      <ModuleTime>2017-07-20T11:22:08Z</ModuleTime>
      <ModuleName>System.Private.Xml.Linq</ModuleName>
      <Files />
      <Classes />
    </Module>
    <Module skippedDueTo="Filter" hash="A0-2C-E4-67-65-31-2F-52-34-BE-1B-B5-8E-F0-03-96-33-5C-4A-E3">
      <ModulePath>c:\Program Files\dotnet\shared\Microsoft.NETCore.App\2.0.0\System.Diagnostics.Tracing.dll</ModulePath>
      <ModuleTime>2017-07-20T11:22:06Z</ModuleTime>
      <ModuleName>System.Diagnostics.Tracing</ModuleName>
      <Files />
      <Classes />
    </Module>
    <Module skippedDueTo="Filter" hash="EF-01-0C-C7-04-7B-55-8E-E4-3A-33-93-09-C2-FB-42-94-A0-43-B7">
      <ModulePath>c:\Program Files\dotnet\shared\Microsoft.NETCore.App\2.0.0\System.Threading.Tasks.dll</ModulePath>
      <ModuleTime>2017-07-20T11:22:08Z</ModuleTime>
      <ModuleName>System.Threading.Tasks</ModuleName>
      <Files />
      <Classes />
    </Module>
    <Module skippedDueTo="Filter" hash="FA-2B-87-A5-50-E5-4F-A1-C0-7E-53-1F-0B-F1-52-F1-E9-38-1F-38">
      <ModulePath>c:\Program Files\dotnet\shared\Microsoft.NETCore.App\2.0.0\System.Private.Uri.dll</ModulePath>
      <ModuleTime>2017-07-20T11:22:08Z</ModuleTime>
      <ModuleName>System.Private.Uri</ModuleName>
      <Files />
      <Classes />
    </Module>
    <Module skippedDueTo="Filter" hash="3E-2C-80-45-4B-5B-8B-5F-09-84-82-17-AA-7B-43-BF-3F-43-55-D2">
      <ModulePath>c:\Program Files\dotnet\shared\Microsoft.NETCore.App\2.0.0\System.Resources.ResourceManager.dll</ModulePath>
      <ModuleTime>2017-07-20T11:22:08Z</ModuleTime>
      <ModuleName>System.Resources.ResourceManager</ModuleName>
      <Files />
      <Classes />
    </Module>
    <Module skippedDueTo="Filter" hash="E6-69-68-08-E2-62-0F-85-F0-BE-8F-4D-51-D1-88-8E-81-FD-73-0B">
      <ModulePath>c:\Program Files\dotnet\shared\Microsoft.NETCore.App\2.0.0\System.Globalization.dll</ModulePath>
      <ModuleTime>2017-07-20T11:22:06Z</ModuleTime>
      <ModuleName>System.Globalization</ModuleName>
      <Files />
      <Classes />
    </Module>
    <Module skippedDueTo="Filter" hash="1D-2D-98-E4-A2-F2-43-8E-21-6C-72-DF-A8-3D-26-3C-24-D6-D9-12">
      <ModulePath>c:\Program Files\dotnet\shared\Microsoft.NETCore.App\2.0.0\System.Security.Cryptography.Algorithms.dll</ModulePath>
      <ModuleTime>2017-07-20T11:22:08Z</ModuleTime>
      <ModuleName>System.Security.Cryptography.Algorithms</ModuleName>
      <Files />
      <Classes />
    </Module>
    <Module skippedDueTo="Filter" hash="64-12-32-8C-6E-28-7A-20-2F-F9-F3-0E-D3-2D-8D-CC-17-10-22-1C">
      <ModulePath>c:\Program Files\dotnet\sdk\2.0.2\Microsoft.Build.Utilities.Core.dll</ModulePath>
      <ModuleTime>2017-09-27T13:09:58Z</ModuleTime>
      <ModuleName>Microsoft.Build.Utilities.Core</ModuleName>
      <Files />
      <Classes />
    </Module>
    <Module skippedDueTo="Filter" hash="C9-B1-4A-54-97-4E-1E-D7-82-8B-E9-17-E9-56-A6-83-32-BF-A1-41">
      <ModulePath>c:\Program Files\dotnet\shared\Microsoft.NETCore.App\2.0.0\System.Security.Cryptography.Primitives.dll</ModulePath>
      <ModuleTime>2017-07-20T11:22:08Z</ModuleTime>
      <ModuleName>System.Security.Cryptography.Primitives</ModuleName>
      <Files />
      <Classes />
    </Module>
    <Module skippedDueTo="Filter" hash="64-25-21-6F-19-7F-79-02-06-99-2B-08-F8-B4-86-FF-3F-FE-04-D8">
      <ModulePath>c:\Program Files\dotnet\sdk\2.0.2\Microsoft.Build.Framework.dll</ModulePath>
      <ModuleTime>2017-09-27T13:09:58Z</ModuleTime>
      <ModuleName>Microsoft.Build.Framework</ModuleName>
      <Files />
      <Classes />
    </Module>
    <Module skippedDueTo="Filter" hash="86-5B-86-E2-06-81-2C-73-3B-6D-BC-9C-E7-90-26-27-45-9D-47-99">
      <ModulePath>c:\Program Files\dotnet\shared\Microsoft.NETCore.App\2.0.0\System.ComponentModel.Primitives.dll</ModulePath>
      <ModuleTime>2017-07-20T11:22:06Z</ModuleTime>
      <ModuleName>System.ComponentModel.Primitives</ModuleName>
      <Files />
      <Classes />
    </Module>
    <Module skippedDueTo="Filter" hash="85-74-21-EC-76-BB-C4-A6-3A-AE-CE-60-C8-82-FC-E5-4F-88-33-73">
      <ModulePath>c:\Program Files\dotnet\shared\Microsoft.NETCore.App\2.0.0\System.Diagnostics.Tools.dll</ModulePath>
      <ModuleTime>2017-07-20T11:22:06Z</ModuleTime>
      <ModuleName>System.Diagnostics.Tools</ModuleName>
      <Files />
      <Classes />
    </Module>
    <Module skippedDueTo="Filter" hash="AB-3C-81-B8-F6-36-BB-7C-8D-F5-C8-0A-7F-23-6E-13-4F-0E-D5-62">
      <ModulePath>c:\Program Files\dotnet\shared\Microsoft.NETCore.App\2.0.0\System.Diagnostics.Debug.dll</ModulePath>
      <ModuleTime>2017-07-20T11:22:06Z</ModuleTime>
      <ModuleName>System.Diagnostics.Debug</ModuleName>
      <Files />
      <Classes />
    </Module>
    <Module skippedDueTo="Filter" hash="EE-F7-12-04-F9-F9-02-18-2C-FA-A5-20-0B-E5-40-DC-C9-BA-47-4F">
      <ModulePath>c:\Program Files\dotnet\shared\Microsoft.NETCore.App\2.0.0\System.IO.Compression.dll</ModulePath>
      <ModuleTime>2017-07-20T11:22:06Z</ModuleTime>
      <ModuleName>System.IO.Compression</ModuleName>
      <Files />
      <Classes />
    </Module>
    <Module skippedDueTo="Filter" hash="CD-43-5A-53-5F-46-5A-61-F0-49-BE-B7-F3-EA-0F-20-AD-1A-8D-C6">
      <ModulePath>c:\Program Files\dotnet\shared\Microsoft.NETCore.App\2.0.0\System.Buffers.dll</ModulePath>
      <ModuleTime>2017-07-20T11:22:06Z</ModuleTime>
      <ModuleName>System.Buffers</ModuleName>
      <Files />
      <Classes />
    </Module>
    <Module skippedDueTo="Filter" hash="D3-F6-1A-F1-57-F1-04-F9-6E-11-BB-94-3E-86-F5-C3-6D-06-04-E2">
      <ModulePath>c:\Program Files\dotnet\shared\Microsoft.NETCore.App\2.0.0\System.Text.Encoding.Extensions.dll</ModulePath>
      <ModuleTime>2017-07-20T11:22:08Z</ModuleTime>
      <ModuleName>System.Text.Encoding.Extensions</ModuleName>
      <Files />
      <Classes />
    </Module>
    <Module skippedDueTo="Filter" hash="CD-6B-BC-AF-EF-21-6A-54-B4-B0-81-FD-3E-17-A9-EA-BA-D0-23-3D">
      <ModulePath>c:\Program Files\dotnet\shared\Microsoft.NETCore.App\2.0.0\System.Net.Http.dll</ModulePath>
      <ModuleTime>2017-07-20T11:22:06Z</ModuleTime>
      <ModuleName>System.Net.Http</ModuleName>
      <Files />
      <Classes />
    </Module>
    <Module skippedDueTo="Filter" hash="5F-EC-41-41-AB-49-88-F8-F1-2A-13-23-4A-59-C7-E1-C4-B9-7B-57">
      <ModulePath>c:\Program Files\dotnet\shared\Microsoft.NETCore.App\2.0.0\System.Net.Primitives.dll</ModulePath>
      <ModuleTime>2017-07-20T11:22:08Z</ModuleTime>
      <ModuleName>System.Net.Primitives</ModuleName>
      <Files />
      <Classes />
    </Module>
    <Module skippedDueTo="Filter" hash="AE-65-E4-FB-FE-67-FA-05-AA-9C-A5-D5-B0-AF-33-CC-AF-92-9B-35">
      <ModulePath>c:\Program Files\dotnet\shared\Microsoft.NETCore.App\2.0.0\System.Diagnostics.DiagnosticSource.dll</ModulePath>
      <ModuleTime>2017-07-20T11:22:06Z</ModuleTime>
      <ModuleName>System.Diagnostics.DiagnosticSource</ModuleName>
      <Files />
      <Classes />
    </Module>
    <Module skippedDueTo="Filter" hash="2F-88-A9-BB-B6-16-36-10-AC-73-83-54-44-F5-17-12-E0-9F-03-28">
      <ModulePath>c:\Program Files\dotnet\shared\Microsoft.NETCore.App\2.0.0\System.Private.CoreLib.dll</ModulePath>
      <ModuleTime>2017-07-20T11:22:08Z</ModuleTime>
      <ModuleName>System.Private.CoreLib</ModuleName>
      <Files />
      <Classes />
    </Module>
    <Module skippedDueTo="Filter" hash="94-15-48-19-F1-3C-5A-72-8C-BC-69-73-B7-42-21-90-E4-5A-A9-B9">
      <ModulePath>c:\Program Files\dotnet\shared\Microsoft.NETCore.App\2.0.0\System.Security.Cryptography.X509Certificates.dll</ModulePath>
      <ModuleTime>2017-07-20T11:22:08Z</ModuleTime>
      <ModuleName>System.Security.Cryptography.X509Certificates</ModuleName>
      <Files />
      <Classes />
    </Module>
    <Module skippedDueTo="Filter" hash="11-29-0C-F8-CE-73-3F-3E-06-AF-A0-16-05-96-4D-5A-A7-6A-DF-C2">
      <ModulePath>c:\Program Files\dotnet\shared\Microsoft.NETCore.App\2.0.0\System.Collections.NonGeneric.dll</ModulePath>
      <ModuleTime>2017-07-20T11:22:06Z</ModuleTime>
      <ModuleName>System.Collections.NonGeneric</ModuleName>
      <Files />
      <Classes />
    </Module>
    <Module skippedDueTo="Filter" hash="AD-3D-13-15-EC-B0-1B-36-86-1E-77-A7-D3-37-75-69-31-24-29-C2">
      <ModulePath>c:\Program Files\dotnet\sdk\2.0.2\MSBuild.dll</ModulePath>
      <ModuleTime>2017-09-27T13:10:34Z</ModuleTime>
      <ModuleName>MSBuild</ModuleName>
      <Files />
      <Classes />
    </Module>
    <Module skippedDueTo="Filter" hash="B1-9D-98-DD-3C-A1-89-69-AC-7E-F1-16-E9-88-3F-F4-4C-77-AB-38">
      <ModulePath>c:\Program Files\dotnet\shared\Microsoft.NETCore.App\2.0.0\System.Runtime.dll</ModulePath>
      <ModuleTime>2017-07-20T11:22:08Z</ModuleTime>
      <ModuleName>System.Runtime</ModuleName>
      <Files />
      <Classes />
    </Module>
    <Module skippedDueTo="Filter" hash="EB-18-C3-43-11-91-EB-51-F0-4E-50-91-DE-EC-A3-6F-E7-CE-D9-3E">
      <ModulePath>c:\Program Files\dotnet\shared\Microsoft.NETCore.App\2.0.0\System.Threading.dll</ModulePath>
      <ModuleTime>2017-07-20T11:22:08Z</ModuleTime>
      <ModuleName>System.Threading</ModuleName>
      <Files />
      <Classes />
    </Module>
    <Module skippedDueTo="Filter" hash="24-D5-33-36-52-51-67-A0-24-3D-22-95-32-23-DA-6D-B4-16-CD-CB">
      <ModulePath>c:\Program Files\dotnet\shared\Microsoft.NETCore.App\2.0.0\System.Reflection.dll</ModulePath>
      <ModuleTime>2017-07-20T11:22:08Z</ModuleTime>
      <ModuleName>System.Reflection</ModuleName>
      <Files />
      <Classes />
    </Module>
    <Module skippedDueTo="Filter" hash="4A-A3-9A-94-A3-C6-3B-8F-C1-2F-D9-CC-68-D2-E4-8C-AE-50-F4-F1">
      <ModulePath>c:\Program Files\dotnet\shared\Microsoft.NETCore.App\2.0.0\System.Reflection.TypeExtensions.dll</ModulePath>
      <ModuleTime>2017-07-20T11:22:08Z</ModuleTime>
      <ModuleName>System.Reflection.TypeExtensions</ModuleName>
      <Files />
      <Classes />
    </Module>
    <Module skippedDueTo="Filter" hash="3C-7A-96-F0-F0-0A-AB-CF-4A-F1-7F-84-AD-D1-CC-8A-89-FB-43-30">
      <ModulePath>c:\Program Files\dotnet\shared\Microsoft.NETCore.App\2.0.0\System.Runtime.Extensions.dll</ModulePath>
      <ModuleTime>2017-07-20T11:22:08Z</ModuleTime>
      <ModuleName>System.Runtime.Extensions</ModuleName>
      <Files />
      <Classes />
    </Module>
    <Module skippedDueTo="Filter" hash="F7-D7-B4-FC-2C-07-D8-B3-03-0A-2D-EC-2B-24-59-88-4D-A8-9D-6B">
      <ModulePath>c:\Program Files\dotnet\shared\Microsoft.NETCore.App\2.0.0\System.Diagnostics.Process.dll</ModulePath>
      <ModuleTime>2017-07-20T11:22:06Z</ModuleTime>
      <ModuleName>System.Diagnostics.Process</ModuleName>
      <Files />
      <Classes />
    </Module>
    <Module skippedDueTo="Filter" hash="86-5B-86-E2-06-81-2C-73-3B-6D-BC-9C-E7-90-26-27-45-9D-47-99">
      <ModulePath>c:\Program Files\dotnet\shared\Microsoft.NETCore.App\2.0.0\System.ComponentModel.Primitives.dll</ModulePath>
      <ModuleTime>2017-07-20T11:22:06Z</ModuleTime>
      <ModuleName>System.ComponentModel.Primitives</ModuleName>
      <Files />
      <Classes />
    </Module>
    <Module skippedDueTo="Filter" hash="42-05-10-61-0A-00-05-FA-1F-EB-04-C9-F9-DD-2C-D4-89-87-3F-B1">
      <ModulePath>c:\Program Files\dotnet\shared\Microsoft.NETCore.App\2.0.0\System.Runtime.InteropServices.dll</ModulePath>
      <ModuleTime>2017-07-20T11:22:08Z</ModuleTime>
      <ModuleName>System.Runtime.InteropServices</ModuleName>
      <Files />
      <Classes />
    </Module>
    <Module skippedDueTo="Filter" hash="11-29-0C-F8-CE-73-3F-3E-06-AF-A0-16-05-96-4D-5A-A7-6A-DF-C2">
      <ModulePath>c:\Program Files\dotnet\shared\Microsoft.NETCore.App\2.0.0\System.Collections.NonGeneric.dll</ModulePath>
      <ModuleTime>2017-07-20T11:22:06Z</ModuleTime>
      <ModuleName>System.Collections.NonGeneric</ModuleName>
      <Files />
      <Classes />
    </Module>
    <Module skippedDueTo="Filter" hash="80-F3-31-87-AA-BE-F0-08-E2-C4-7C-2D-76-97-05-5F-96-6C-E3-CE">
      <ModulePath>c:\Program Files\dotnet\shared\Microsoft.NETCore.App\2.0.0\System.Linq.dll</ModulePath>
      <ModuleTime>2017-07-20T11:22:06Z</ModuleTime>
      <ModuleName>System.Linq</ModuleName>
      <Files />
      <Classes />
    </Module>
    <Module skippedDueTo="Filter" hash="6D-5A-04-73-28-C9-26-1C-E8-75-84-50-BF-FF-76-AC-5A-9E-28-48">
      <ModulePath>c:\Program Files\dotnet\shared\Microsoft.NETCore.App\2.0.0\System.Runtime.InteropServices.RuntimeInformation.dll</ModulePath>
      <ModuleTime>2017-07-20T11:22:08Z</ModuleTime>
      <ModuleName>System.Runtime.InteropServices.RuntimeInformation</ModuleName>
      <Files />
      <Classes />
    </Module>
    <Module skippedDueTo="Filter" hash="2E-3F-98-9F-F8-96-78-BA-71-3A-6A-0C-9C-B3-D0-39-1E-46-25-10">
      <ModulePath>c:\Program Files\dotnet\shared\Microsoft.NETCore.App\2.0.0\System.Text.RegularExpressions.dll</ModulePath>
      <ModuleTime>2017-07-20T11:22:08Z</ModuleTime>
      <ModuleName>System.Text.RegularExpressions</ModuleName>
      <Files />
      <Classes />
    </Module>
    <Module skippedDueTo="Filter" hash="89-70-E9-C9-2D-15-5F-35-A4-A6-47-48-86-2C-E8-14-EC-34-B9-9F">
      <ModulePath>c:\Program Files\dotnet\shared\Microsoft.NETCore.App\2.0.0\System.IO.FileSystem.dll</ModulePath>
      <ModuleTime>2017-07-20T11:22:06Z</ModuleTime>
      <ModuleName>System.IO.FileSystem</ModuleName>
      <Files />
      <Classes />
    </Module>
    <Module skippedDueTo="Filter" hash="F6-9B-26-AA-03-02-E2-D8-6A-A8-43-4E-56-E5-60-DE-59-F9-52-D2">
      <ModulePath>c:\Program Files\dotnet\shared\Microsoft.NETCore.App\2.0.0\System.Collections.dll</ModulePath>
      <ModuleTime>2017-07-20T11:22:06Z</ModuleTime>
      <ModuleName>System.Collections</ModuleName>
      <Files />
      <Classes />
    </Module>
    <Module skippedDueTo="Filter" hash="64-25-21-6F-19-7F-79-02-06-99-2B-08-F8-B4-86-FF-3F-FE-04-D8">
      <ModulePath>c:\Program Files\dotnet\sdk\2.0.2\Microsoft.Build.Framework.dll</ModulePath>
      <ModuleTime>2017-09-27T13:09:58Z</ModuleTime>
      <ModuleName>Microsoft.Build.Framework</ModuleName>
      <Files />
      <Classes />
    </Module>
    <Module skippedDueTo="Filter" hash="4B-B8-F7-36-81-46-46-AC-52-E9-F6-F0-10-B0-D4-A7-39-49-E6-A5">
      <ModulePath>c:\Program Files\dotnet\shared\Microsoft.NETCore.App\2.0.0\System.Console.dll</ModulePath>
      <ModuleTime>2017-07-20T11:22:06Z</ModuleTime>
      <ModuleName>System.Console</ModuleName>
      <Files />
      <Classes />
    </Module>
    <Module skippedDueTo="Filter" hash="D3-0D-8C-89-46-05-76-82-98-9B-3A-55-AA-A8-86-0F-4E-D3-C0-D8">
      <ModulePath>c:\Program Files\dotnet\sdk\2.0.2\runtimes\win\lib\netstandard1.3\System.Text.Encoding.CodePages.dll</ModulePath>
      <ModuleTime>2017-09-27T13:10:18Z</ModuleTime>
      <ModuleName>System.Text.Encoding.CodePages</ModuleName>
      <Files />
      <Classes />
    </Module>
    <Module skippedDueTo="Filter" hash="71-55-8B-F9-57-BC-B0-34-9A-F8-A2-C8-58-A4-C7-74-EC-A4-CD-9C">
      <ModulePath>c:\Program Files\dotnet\shared\Microsoft.NETCore.App\2.0.0\System.Text.Encoding.dll</ModulePath>
      <ModuleTime>2017-07-20T11:22:08Z</ModuleTime>
      <ModuleName>System.Text.Encoding</ModuleName>
      <Files />
      <Classes />
    </Module>
    <Module skippedDueTo="Filter" hash="E6-69-68-08-E2-62-0F-85-F0-BE-8F-4D-51-D1-88-8E-81-FD-73-0B">
      <ModulePath>c:\Program Files\dotnet\shared\Microsoft.NETCore.App\2.0.0\System.Globalization.dll</ModulePath>
      <ModuleTime>2017-07-20T11:22:06Z</ModuleTime>
      <ModuleName>System.Globalization</ModuleName>
      <Files />
      <Classes />
    </Module>
    <Module skippedDueTo="Filter" hash="76-D6-0F-34-39-88-B9-EA-22-4C-AD-6D-50-8A-3E-76-CC-F1-B7-E9">
      <ModulePath>c:\Program Files\dotnet\sdk\2.0.2\Microsoft.Build.dll</ModulePath>
      <ModuleTime>2017-09-27T13:09:58Z</ModuleTime>
      <ModuleName>Microsoft.Build</ModuleName>
      <Files />
      <Classes />
    </Module>
    <Module skippedDueTo="Filter" hash="8B-99-E8-F0-CD-95-95-B0-68-10-D4-3A-CB-A1-0A-BE-38-66-BE-13">
      <ModulePath>c:\Program Files\dotnet\shared\Microsoft.NETCore.App\2.0.0\System.Collections.Concurrent.dll</ModulePath>
      <ModuleTime>2017-07-20T11:22:06Z</ModuleTime>
      <ModuleName>System.Collections.Concurrent</ModuleName>
      <Files />
      <Classes />
    </Module>
    <Module skippedDueTo="Filter" hash="F7-4D-D9-14-5A-90-21-C9-4E-86-49-01-D6-A7-3B-F7-36-72-76-BD">
      <ModulePath>c:\Program Files\dotnet\sdk\2.0.2\dotnet.dll</ModulePath>
      <ModuleTime>2017-09-27T13:10:38Z</ModuleTime>
      <ModuleName>dotnet</ModuleName>
      <Files />
      <Classes />
    </Module>
    <Module skippedDueTo="Filter" hash="64-12-32-8C-6E-28-7A-20-2F-F9-F3-0E-D3-2D-8D-CC-17-10-22-1C">
      <ModulePath>c:\Program Files\dotnet\sdk\2.0.2\Microsoft.Build.Utilities.Core.dll</ModulePath>
      <ModuleTime>2017-09-27T13:09:58Z</ModuleTime>
      <ModuleName>Microsoft.Build.Utilities.Core</ModuleName>
      <Files />
      <Classes />
    </Module>
    <Module skippedDueTo="Filter" hash="70-30-02-DB-15-7B-B3-89-B2-35-C3-9E-72-7B-ED-68-9E-43-9E-53">
      <ModulePath>c:\Program Files\dotnet\sdk\2.0.2\Microsoft.DotNet.Tools.MigrateCommand.dll</ModulePath>
      <ModuleTime>2017-09-27T13:09:58Z</ModuleTime>
      <ModuleName>Microsoft.DotNet.Tools.MigrateCommand</ModuleName>
      <Files />
      <Classes />
    </Module>
    <Module skippedDueTo="Filter" hash="2B-35-BB-8B-7B-AF-43-D0-33-84-F4-EE-E0-5A-B3-BF-FD-75-DF-B9">
      <ModulePath>c:\Program Files\dotnet\sdk\2.0.2\Microsoft.DotNet.Cli.Utils.dll</ModulePath>
      <ModuleTime>2017-09-27T13:09:58Z</ModuleTime>
      <ModuleName>Microsoft.DotNet.Cli.Utils</ModuleName>
      <Files />
      <Classes />
    </Module>
    <Module skippedDueTo="Filter" hash="C2-3F-23-20-F7-1F-CB-50-0D-53-68-7A-E8-B2-52-96-48-F3-64-A9">
      <ModulePath>c:\Program Files\dotnet\sdk\2.0.2\NuGet.Frameworks.dll</ModulePath>
      <ModuleTime>2017-09-27T13:10:34Z</ModuleTime>
      <ModuleName>NuGet.Frameworks</ModuleName>
      <Files />
      <Classes />
    </Module>
    <Module skippedDueTo="Filter" hash="45-E9-3D-14-67-92-EB-4A-1C-CC-E2-01-D2-6C-A1-29-4A-C8-C1-1E">
      <ModulePath>c:\Program Files\dotnet\shared\Microsoft.NETCore.App\2.0.0\System.Reflection.Extensions.dll</ModulePath>
      <ModuleTime>2017-07-20T11:22:08Z</ModuleTime>
      <ModuleName>System.Reflection.Extensions</ModuleName>
      <Files />
      <Classes />
    </Module>
    <Module skippedDueTo="Filter" hash="67-51-C1-A2-8D-76-13-D9-76-79-6B-99-CD-9D-76-EC-7B-69-D9-64">
      <ModulePath>c:\Program Files\dotnet\sdk\2.0.2\Microsoft.DotNet.Configurer.dll</ModulePath>
      <ModuleTime>2017-09-27T13:09:58Z</ModuleTime>
      <ModuleName>Microsoft.DotNet.Configurer</ModuleName>
      <Files />
      <Classes />
    </Module>
    <Module skippedDueTo="Filter" hash="28-64-0C-1D-2D-FE-9E-CA-72-94-1F-5E-D9-D2-B8-19-8B-DB-2E-70">
      <ModulePath>c:\Program Files\dotnet\sdk\2.0.2\Microsoft.DotNet.InternalAbstractions.dll</ModulePath>
      <ModuleTime>2017-09-27T13:09:58Z</ModuleTime>
      <ModuleName>Microsoft.DotNet.InternalAbstractions</ModuleName>
      <Files />
      <Classes />
    </Module>
    <Module skippedDueTo="Filter" hash="2A-C9-25-F3-D5-15-6C-B1-09-A6-1F-DA-0F-51-0B-96-DE-24-F6-E0">
      <ModulePath>c:\Program Files\dotnet\shared\Microsoft.NETCore.App\2.0.0\System.IO.FileSystem.Primitives.dll</ModulePath>
      <ModuleTime>2017-07-20T11:22:06Z</ModuleTime>
      <ModuleName>System.IO.FileSystem.Primitives</ModuleName>
      <Files />
      <Classes />
    </Module>
    <Module skippedDueTo="Filter" hash="2D-70-CB-62-DA-FC-A2-6C-E4-9F-F1-DB-4C-3B-9A-34-20-80-E4-06">
      <ModulePath>c:\Program Files\dotnet\shared\Microsoft.NETCore.App\2.0.0\System.IO.dll</ModulePath>
      <ModuleTime>2017-07-20T11:22:06Z</ModuleTime>
      <ModuleName>System.IO</ModuleName>
      <Files />
      <Classes />
    </Module>
    <Module skippedDueTo="Filter" hash="B2-BE-51-C1-D6-2A-0C-53-F3-F0-12-22-46-52-B4-E1-EF-2C-9E-07">
      <ModulePath>c:\Program Files\dotnet\sdk\2.0.2\Microsoft.ApplicationInsights.dll</ModulePath>
      <ModuleTime>2017-09-27T13:09:58Z</ModuleTime>
      <ModuleName>Microsoft.ApplicationInsights</ModuleName>
      <Files />
      <Classes />
    </Module>
    <Module skippedDueTo="Filter" hash="B8-E0-1C-46-05-EF-1C-0F-0F-1D-3C-D4-89-4D-08-3A-89-36-F3-E5">
      <ModulePath>c:\Program Files\dotnet\shared\Microsoft.NETCore.App\2.0.0\System.Xml.XDocument.dll</ModulePath>
      <ModuleTime>2017-07-20T11:22:08Z</ModuleTime>
      <ModuleName>System.Xml.XDocument</ModuleName>
      <Files />
      <Classes />
    </Module>
    <Module skippedDueTo="Filter" hash="DD-F6-D3-A5-01-A8-F6-AC-1B-A1-E9-B5-7C-53-43-D4-64-1C-30-53">
      <ModulePath>c:\Program Files\dotnet\shared\Microsoft.NETCore.App\2.0.0\System.Private.Xml.Linq.dll</ModulePath>
      <ModuleTime>2017-07-20T11:22:08Z</ModuleTime>
      <ModuleName>System.Private.Xml.Linq</ModuleName>
      <Files />
      <Classes />
    </Module>
    <Module skippedDueTo="Filter" hash="A0-2C-E4-67-65-31-2F-52-34-BE-1B-B5-8E-F0-03-96-33-5C-4A-E3">
      <ModulePath>c:\Program Files\dotnet\shared\Microsoft.NETCore.App\2.0.0\System.Diagnostics.Tracing.dll</ModulePath>
      <ModuleTime>2017-07-20T11:22:06Z</ModuleTime>
      <ModuleName>System.Diagnostics.Tracing</ModuleName>
      <Files />
      <Classes />
    </Module>
    <Module skippedDueTo="Filter" hash="76-A3-0C-AD-28-11-DC-81-BA-2D-4B-C3-06-E4-74-7F-83-3A-B3-DF">
      <ModulePath>c:\Program Files\dotnet\shared\Microsoft.NETCore.App\2.0.0\System.Runtime.Handles.dll</ModulePath>
      <ModuleTime>2017-07-20T11:22:08Z</ModuleTime>
      <ModuleName>System.Runtime.Handles</ModuleName>
      <Files />
      <Classes />
    </Module>
    <Module skippedDueTo="Filter" hash="EF-01-0C-C7-04-7B-55-8E-E4-3A-33-93-09-C2-FB-42-94-A0-43-B7">
      <ModulePath>c:\Program Files\dotnet\shared\Microsoft.NETCore.App\2.0.0\System.Threading.Tasks.dll</ModulePath>
      <ModuleTime>2017-07-20T11:22:08Z</ModuleTime>
      <ModuleName>System.Threading.Tasks</ModuleName>
      <Files />
      <Classes />
    </Module>
    <Module skippedDueTo="Filter" hash="FA-2B-87-A5-50-E5-4F-A1-C0-7E-53-1F-0B-F1-52-F1-E9-38-1F-38">
      <ModulePath>c:\Program Files\dotnet\shared\Microsoft.NETCore.App\2.0.0\System.Private.Uri.dll</ModulePath>
      <ModuleTime>2017-07-20T11:22:08Z</ModuleTime>
      <ModuleName>System.Private.Uri</ModuleName>
      <Files />
      <Classes />
    </Module>
    <Module skippedDueTo="Filter" hash="73-54-22-32-26-F5-C5-28-8D-B4-86-0A-63-45-C1-9C-88-44-8C-3B">
      <ModulePath>c:\Program Files\dotnet\sdk\2.0.2\Microsoft.DotNet.PlatformAbstractions.dll</ModulePath>
      <ModuleTime>2017-09-27T13:09:58Z</ModuleTime>
      <ModuleName>Microsoft.DotNet.PlatformAbstractions</ModuleName>
      <Files />
      <Classes />
    </Module>
    <Module skippedDueTo="Filter" hash="1D-2D-98-E4-A2-F2-43-8E-21-6C-72-DF-A8-3D-26-3C-24-D6-D9-12">
      <ModulePath>c:\Program Files\dotnet\shared\Microsoft.NETCore.App\2.0.0\System.Security.Cryptography.Algorithms.dll</ModulePath>
      <ModuleTime>2017-07-20T11:22:08Z</ModuleTime>
      <ModuleName>System.Security.Cryptography.Algorithms</ModuleName>
      <Files />
      <Classes />
    </Module>
    <Module skippedDueTo="Filter" hash="C9-B1-4A-54-97-4E-1E-D7-82-8B-E9-17-E9-56-A6-83-32-BF-A1-41">
      <ModulePath>c:\Program Files\dotnet\shared\Microsoft.NETCore.App\2.0.0\System.Security.Cryptography.Primitives.dll</ModulePath>
      <ModuleTime>2017-07-20T11:22:08Z</ModuleTime>
      <ModuleName>System.Security.Cryptography.Primitives</ModuleName>
      <Files />
      <Classes />
    </Module>
    <Module skippedDueTo="Filter" hash="DF-1D-D6-51-B7-A1-8A-53-06-A0-34-64-B1-6C-11-1E-7F-0F-CE-94">
      <ModulePath>c:\Program Files\dotnet\shared\Microsoft.NETCore.App\2.0.0\System.Threading.Tasks.Dataflow.dll</ModulePath>
      <ModuleTime>2017-07-20T11:22:08Z</ModuleTime>
      <ModuleName>System.Threading.Tasks.Dataflow</ModuleName>
      <Files />
      <Classes />
    </Module>
    <Module skippedDueTo="Filter" hash="C9-03-33-2D-B2-3B-A1-8A-2F-95-2B-0B-9D-A7-9A-D1-0D-9E-03-C3">
      <ModulePath>c:\Program Files\dotnet\shared\Microsoft.NETCore.App\2.0.0\netstandard.dll</ModulePath>
      <ModuleTime>2017-07-20T11:22:08Z</ModuleTime>
      <ModuleName>netstandard</ModuleName>
      <Files />
      <Classes />
    </Module>
    <Module skippedDueTo="Filter" hash="3E-2C-80-45-4B-5B-8B-5F-09-84-82-17-AA-7B-43-BF-3F-43-55-D2">
      <ModulePath>c:\Program Files\dotnet\shared\Microsoft.NETCore.App\2.0.0\System.Resources.ResourceManager.dll</ModulePath>
      <ModuleTime>2017-07-20T11:22:08Z</ModuleTime>
      <ModuleName>System.Resources.ResourceManager</ModuleName>
      <Files />
      <Classes />
    </Module>
    <Module skippedDueTo="Filter" hash="D5-25-59-4D-0F-50-A0-85-00-7F-EB-E1-0B-BD-B5-82-30-09-75-C8">
      <ModulePath>c:\Program Files\dotnet\shared\Microsoft.NETCore.App\2.0.0\System.ObjectModel.dll</ModulePath>
      <ModuleTime>2017-07-20T11:22:08Z</ModuleTime>
      <ModuleName>System.ObjectModel</ModuleName>
      <Files />
      <Classes />
    </Module>
    <Module skippedDueTo="Filter" hash="92-A1-00-E7-E2-BF-4D-F7-95-CB-46-C2-DF-CC-15-61-47-27-B2-9F">
      <ModulePath>c:\Program Files\dotnet\shared\Microsoft.NETCore.App\2.0.0\System.Threading.Thread.dll</ModulePath>
      <ModuleTime>2017-07-20T11:22:08Z</ModuleTime>
      <ModuleName>System.Threading.Thread</ModuleName>
      <Files />
      <Classes />
    </Module>
    <Module skippedDueTo="Filter" hash="7C-EB-99-71-08-B5-1F-60-CA-48-72-95-5E-DE-E2-5B-79-99-49-4F">
      <ModulePath>c:\Program Files\dotnet\shared\Microsoft.NETCore.App\2.0.0\System.Xml.ReaderWriter.dll</ModulePath>
      <ModuleTime>2017-07-20T11:22:08Z</ModuleTime>
      <ModuleName>System.Xml.ReaderWriter</ModuleName>
      <Files />
      <Classes />
    </Module>
    <Module skippedDueTo="Filter" hash="92-AC-DA-99-81-1A-EB-3D-7D-F3-46-72-13-0A-D3-C6-8A-70-DB-4C">
      <ModulePath>c:\Program Files\dotnet\shared\Microsoft.NETCore.App\2.0.0\System.Private.Xml.dll</ModulePath>
      <ModuleTime>2017-07-20T11:22:08Z</ModuleTime>
      <ModuleName>System.Private.Xml</ModuleName>
      <Files />
      <Classes />
    </Module>
    <Module skippedDueTo="Filter" hash="D3-F6-1A-F1-57-F1-04-F9-6E-11-BB-94-3E-86-F5-C3-6D-06-04-E2">
      <ModulePath>c:\Program Files\dotnet\shared\Microsoft.NETCore.App\2.0.0\System.Text.Encoding.Extensions.dll</ModulePath>
      <ModuleTime>2017-07-20T11:22:08Z</ModuleTime>
      <ModuleName>System.Text.Encoding.Extensions</ModuleName>
      <Files />
      <Classes />
    </Module>
    <Module skippedDueTo="Filter" hash="CF-8A-90-C4-AB-10-6A-59-C0-1A-9A-F8-B0-C9-E3-7D-B3-7F-76-A4">
      <ModulePath>c:\Program Files\dotnet\shared\Microsoft.NETCore.App\2.0.0\System.Xml.XmlDocument.dll</ModulePath>
      <ModuleTime>2017-07-20T11:22:08Z</ModuleTime>
      <ModuleName>System.Xml.XmlDocument</ModuleName>
      <Files />
      <Classes />
    </Module>
    <Module skippedDueTo="Filter" hash="1A-66-09-E2-D5-E4-83-D8-7E-2A-93-BE-1A-5C-12-EF-04-A0-6A-AE">
      <ModulePath>c:\Program Files\dotnet\shared\Microsoft.NETCore.App\2.0.0\System.Diagnostics.FileVersionInfo.dll</ModulePath>
      <ModuleTime>2017-07-20T11:22:06Z</ModuleTime>
      <ModuleName>System.Diagnostics.FileVersionInfo</ModuleName>
      <Files />
      <Classes />
    </Module>
    <Module skippedDueTo="Filter" hash="52-C8-E5-3A-B2-32-4A-17-18-33-8B-13-C2-3A-53-6D-EC-77-D9-9A">
      <ModulePath>c:\Program Files\dotnet\shared\Microsoft.NETCore.App\2.0.0\System.Reflection.Primitives.dll</ModulePath>
      <ModuleTime>2017-07-20T11:22:08Z</ModuleTime>
      <ModuleName>System.Reflection.Primitives</ModuleName>
      <Files />
      <Classes />
    </Module>
    <Module skippedDueTo="Filter" hash="B1-F6-FE-F4-3D-92-32-23-15-F5-F7-C9-04-1B-F8-AD-AF-D2-E4-C6">
      <ModulePath>c:\Program Files\dotnet\shared\Microsoft.NETCore.App\2.0.0\System.Collections.Immutable.dll</ModulePath>
      <ModuleTime>2017-07-20T11:22:06Z</ModuleTime>
      <ModuleName>System.Collections.Immutable</ModuleName>
      <Files />
      <Classes />
    </Module>
    <Module skippedDueTo="Filter" hash="8A-4F-17-74-FD-68-8E-05-38-F9-E5-77-DD-61-67-A7-76-C1-60-06">
      <ModulePath>c:\Program Files\dotnet\sdk\2.0.2\Microsoft.Build.Tasks.Core.dll</ModulePath>
      <ModuleTime>2017-09-27T13:09:58Z</ModuleTime>
      <ModuleName>Microsoft.Build.Tasks.Core</ModuleName>
      <Files />
      <Classes />
    </Module>
    <Module skippedDueTo="Filter" hash="50-B7-0E-CE-03-26-1D-99-C0-19-0F-7E-AB-AB-7A-52-3C-23-2D-95">
      <ModulePath>c:\Program Files\dotnet\shared\Microsoft.NETCore.App\2.0.0\System.Threading.ThreadPool.dll</ModulePath>
      <ModuleTime>2017-07-20T11:22:08Z</ModuleTime>
      <ModuleName>System.Threading.ThreadPool</ModuleName>
      <Files />
      <Classes />
    </Module>
    <Module skippedDueTo="Filter" hash="E5-A1-20-02-0D-9D-C6-30-5F-FA-A8-01-95-2C-28-F2-95-86-D2-2C">
      <ModulePath>c:\Program Files\dotnet\sdk\2.0.2\NuGet.Build.Tasks.dll</ModulePath>
      <ModuleTime>2017-09-27T13:10:32Z</ModuleTime>
      <ModuleName>NuGet.Build.Tasks</ModuleName>
      <Files />
      <Classes />
    </Module>
    <Module skippedDueTo="Filter" hash="E9-A7-6B-23-A7-B7-0E-78-6B-D2-31-35-EA-18-C2-BC-55-91-62-72">
      <ModulePath>c:\Program Files\dotnet\sdk\2.0.2\NuGet.Commands.dll</ModulePath>
      <ModuleTime>2017-09-27T13:10:34Z</ModuleTime>
      <ModuleName>NuGet.Commands</ModuleName>
      <Files />
      <Classes />
    </Module>
    <Module skippedDueTo="Filter" hash="FD-E1-3E-FD-23-4D-64-8B-62-CF-27-55-58-6A-B3-6F-F3-26-8C-DA">
      <ModulePath>c:\Program Files\dotnet\sdk\2.0.2\NuGet.Common.dll</ModulePath>
      <ModuleTime>2017-09-27T13:10:34Z</ModuleTime>
      <ModuleName>NuGet.Common</ModuleName>
      <Files />
      <Classes />
    </Module>
    <Module skippedDueTo="Filter" hash="7F-86-D1-E6-14-45-A7-32-BF-F5-26-4C-B3-4B-72-A0-1B-F2-EF-62">
      <ModulePath>c:\Program Files\dotnet\shared\Microsoft.NETCore.App\2.0.0\System.Runtime.Loader.dll</ModulePath>
      <ModuleTime>2017-07-20T11:22:08Z</ModuleTime>
      <ModuleName>System.Runtime.Loader</ModuleName>
      <Files />
      <Classes />
    </Module>
    <Module skippedDueTo="Filter" hash="5C-83-90-B6-14-08-9D-E1-66-2C-8D-9C-A8-4A-18-F8-12-0E-A7-65">
      <ModulePath>c:\Program Files\dotnet\sdk\2.0.2\Sdks\Microsoft.NET.Sdk\build\..\tools\netcoreapp1.0/Microsoft.NET.Build.Tasks.dll</ModulePath>
      <ModuleTime>2017-09-27T13:14:06Z</ModuleTime>
      <ModuleName>Microsoft.NET.Build.Tasks</ModuleName>
      <Files />
      <Classes />
    </Module>
    <Module skippedDueTo="Filter" hash="FF-AD-13-68-35-CA-0A-F3-17-F1-A7-41-58-16-DA-37-FB-9E-24-4F">
      <ModulePath>c:\Program Files\dotnet\sdk\2.0.2\NuGet.Configuration.dll</ModulePath>
      <ModuleTime>2017-09-27T13:10:34Z</ModuleTime>
      <ModuleName>NuGet.Configuration</ModuleName>
      <Files />
      <Classes />
    </Module>
    <Module skippedDueTo="Filter" hash="CC-A9-44-14-C0-83-81-18-CD-C3-98-18-DE-ED-DD-9B-43-0F-C5-DD">
      <ModulePath>c:\Program Files\dotnet\sdk\2.0.2\NuGet.ProjectModel.dll</ModulePath>
      <ModuleTime>2017-09-27T13:10:34Z</ModuleTime>
      <ModuleName>NuGet.ProjectModel</ModuleName>
      <Files />
      <Classes />
    </Module>
    <Module skippedDueTo="Filter" hash="E0-D0-B3-03-F8-3F-C4-63-96-7E-9F-5F-DC-AB-B4-83-12-B4-CC-02">
      <ModulePath>c:\Program Files\dotnet\sdk\2.0.2\NuGet.Versioning.dll</ModulePath>
      <ModuleTime>2017-09-27T13:10:34Z</ModuleTime>
      <ModuleName>NuGet.Versioning</ModuleName>
      <Files />
      <Classes />
    </Module>
    <Module skippedDueTo="Filter" hash="98-62-F6-F9-16-0D-31-99-5E-9F-E9-0C-5A-D0-BF-B8-E4-58-35-3C">
      <ModulePath>c:\Program Files\dotnet\sdk\2.0.2\NuGet.Protocol.dll</ModulePath>
      <ModuleTime>2017-09-27T13:10:34Z</ModuleTime>
      <ModuleName>NuGet.Protocol</ModuleName>
      <Files />
      <Classes />
    </Module>
    <Module skippedDueTo="Filter" hash="6C-F6-59-9F-99-90-3F-86-DF-C9-A8-1D-6C-93-80-D3-8E-04-52-5D">
      <ModulePath>c:\Program Files\dotnet\sdk\2.0.2\NuGet.Packaging.dll</ModulePath>
      <ModuleTime>2017-09-27T13:10:34Z</ModuleTime>
      <ModuleName>NuGet.Packaging</ModuleName>
      <Files />
      <Classes />
    </Module>
    <Module skippedDueTo="Filter" hash="9B-46-25-E5-00-B7-CF-EE-80-2D-13-22-67-C8-DE-AC-AB-C0-44-CA">
      <ModulePath>c:\Program Files\dotnet\sdk\2.0.2\NuGet.DependencyResolver.Core.dll</ModulePath>
      <ModuleTime>2017-09-27T13:10:34Z</ModuleTime>
      <ModuleName>NuGet.DependencyResolver.Core</ModuleName>
      <Files />
      <Classes />
    </Module>
    <Module skippedDueTo="Filter" hash="A6-F4-E1-8F-CA-D7-08-10-9E-77-87-4D-35-8F-B7-E8-C1-46-CB-08">
      <ModulePath>c:\Program Files\dotnet\sdk\2.0.2\NuGet.Packaging.Core.dll</ModulePath>
      <ModuleTime>2017-09-27T13:10:34Z</ModuleTime>
      <ModuleName>NuGet.Packaging.Core</ModuleName>
      <Files />
      <Classes />
    </Module>
    <Module skippedDueTo="Filter" hash="98-3A-7B-64-EB-F0-D8-A2-CA-DA-3F-65-0F-A5-C0-06-09-79-E7-8D">
      <ModulePath>c:\Program Files\dotnet\sdk\2.0.2\Newtonsoft.Json.dll</ModulePath>
      <ModuleTime>2017-09-27T13:04:34Z</ModuleTime>
      <ModuleName>Newtonsoft.Json</ModuleName>
      <Files />
      <Classes />
    </Module>
    <Module skippedDueTo="Filter" hash="7A-DB-D3-5C-EB-1E-6E-FF-8F-C6-E5-82-86-2B-77-2E-B1-DE-36-21">
      <ModulePath>c:\Program Files\dotnet\shared\Microsoft.NETCore.App\2.0.0\System.Dynamic.Runtime.dll</ModulePath>
      <ModuleTime>2017-07-20T11:22:06Z</ModuleTime>
      <ModuleName>System.Dynamic.Runtime</ModuleName>
      <Files />
      <Classes />
    </Module>
    <Module skippedDueTo="Filter" hash="83-02-2F-5B-C7-1D-94-96-BC-75-A7-ED-DA-57-BA-A5-FB-E7-6F-1B">
      <ModulePath>c:\Program Files\dotnet\shared\Microsoft.NETCore.App\2.0.0\System.Linq.Expressions.dll</ModulePath>
      <ModuleTime>2017-07-20T11:22:06Z</ModuleTime>
      <ModuleName>System.Linq.Expressions</ModuleName>
      <Files />
      <Classes />
    </Module>
    <Module skippedDueTo="Filter" hash="B7-21-EC-0A-AF-09-D0-83-2E-D7-3B-BA-BF-EE-D0-F3-B0-C5-58-F3">
      <ModulePath>c:\Program Files\dotnet\sdk\2.0.2\NuGet.LibraryModel.dll</ModulePath>
      <ModuleTime>2017-09-27T13:10:34Z</ModuleTime>
      <ModuleName>NuGet.LibraryModel</ModuleName>
      <Files />
      <Classes />
    </Module>
    <Module skippedDueTo="Filter" hash="2F-88-A9-BB-B6-16-36-10-AC-73-83-54-44-F5-17-12-E0-9F-03-28">
      <ModulePath>c:\Program Files\dotnet\shared\Microsoft.NETCore.App\2.0.0\System.Private.CoreLib.dll</ModulePath>
      <ModuleTime>2017-07-20T11:22:08Z</ModuleTime>
      <ModuleName>System.Private.CoreLib</ModuleName>
      <Files />
      <Classes />
    </Module>
    <Module skippedDueTo="Filter" hash="AD-3D-13-15-EC-B0-1B-36-86-1E-77-A7-D3-37-75-69-31-24-29-C2">
      <ModulePath>c:\Program Files\dotnet\sdk\2.0.2\MSBuild.dll</ModulePath>
      <ModuleTime>2017-09-27T13:10:34Z</ModuleTime>
      <ModuleName>MSBuild</ModuleName>
      <Files />
      <Classes />
    </Module>
    <Module skippedDueTo="Filter" hash="B1-9D-98-DD-3C-A1-89-69-AC-7E-F1-16-E9-88-3F-F4-4C-77-AB-38">
      <ModulePath>c:\Program Files\dotnet\shared\Microsoft.NETCore.App\2.0.0\System.Runtime.dll</ModulePath>
      <ModuleTime>2017-07-20T11:22:08Z</ModuleTime>
      <ModuleName>System.Runtime</ModuleName>
      <Files />
      <Classes />
    </Module>
    <Module skippedDueTo="Filter" hash="EB-18-C3-43-11-91-EB-51-F0-4E-50-91-DE-EC-A3-6F-E7-CE-D9-3E">
      <ModulePath>c:\Program Files\dotnet\shared\Microsoft.NETCore.App\2.0.0\System.Threading.dll</ModulePath>
      <ModuleTime>2017-07-20T11:22:08Z</ModuleTime>
      <ModuleName>System.Threading</ModuleName>
      <Files />
      <Classes />
    </Module>
    <Module skippedDueTo="Filter" hash="24-D5-33-36-52-51-67-A0-24-3D-22-95-32-23-DA-6D-B4-16-CD-CB">
      <ModulePath>c:\Program Files\dotnet\shared\Microsoft.NETCore.App\2.0.0\System.Reflection.dll</ModulePath>
      <ModuleTime>2017-07-20T11:22:08Z</ModuleTime>
      <ModuleName>System.Reflection</ModuleName>
      <Files />
      <Classes />
    </Module>
    <Module skippedDueTo="Filter" hash="4A-A3-9A-94-A3-C6-3B-8F-C1-2F-D9-CC-68-D2-E4-8C-AE-50-F4-F1">
      <ModulePath>c:\Program Files\dotnet\shared\Microsoft.NETCore.App\2.0.0\System.Reflection.TypeExtensions.dll</ModulePath>
      <ModuleTime>2017-07-20T11:22:08Z</ModuleTime>
      <ModuleName>System.Reflection.TypeExtensions</ModuleName>
      <Files />
      <Classes />
    </Module>
    <Module skippedDueTo="Filter" hash="3C-7A-96-F0-F0-0A-AB-CF-4A-F1-7F-84-AD-D1-CC-8A-89-FB-43-30">
      <ModulePath>c:\Program Files\dotnet\shared\Microsoft.NETCore.App\2.0.0\System.Runtime.Extensions.dll</ModulePath>
      <ModuleTime>2017-07-20T11:22:08Z</ModuleTime>
      <ModuleName>System.Runtime.Extensions</ModuleName>
      <Files />
      <Classes />
    </Module>
    <Module skippedDueTo="Filter" hash="F7-D7-B4-FC-2C-07-D8-B3-03-0A-2D-EC-2B-24-59-88-4D-A8-9D-6B">
      <ModulePath>c:\Program Files\dotnet\shared\Microsoft.NETCore.App\2.0.0\System.Diagnostics.Process.dll</ModulePath>
      <ModuleTime>2017-07-20T11:22:06Z</ModuleTime>
      <ModuleName>System.Diagnostics.Process</ModuleName>
      <Files />
      <Classes />
    </Module>
    <Module skippedDueTo="Filter" hash="86-5B-86-E2-06-81-2C-73-3B-6D-BC-9C-E7-90-26-27-45-9D-47-99">
      <ModulePath>c:\Program Files\dotnet\shared\Microsoft.NETCore.App\2.0.0\System.ComponentModel.Primitives.dll</ModulePath>
      <ModuleTime>2017-07-20T11:22:06Z</ModuleTime>
      <ModuleName>System.ComponentModel.Primitives</ModuleName>
      <Files />
      <Classes />
    </Module>
    <Module skippedDueTo="Filter" hash="42-05-10-61-0A-00-05-FA-1F-EB-04-C9-F9-DD-2C-D4-89-87-3F-B1">
      <ModulePath>c:\Program Files\dotnet\shared\Microsoft.NETCore.App\2.0.0\System.Runtime.InteropServices.dll</ModulePath>
      <ModuleTime>2017-07-20T11:22:08Z</ModuleTime>
      <ModuleName>System.Runtime.InteropServices</ModuleName>
      <Files />
      <Classes />
    </Module>
    <Module skippedDueTo="Filter" hash="11-29-0C-F8-CE-73-3F-3E-06-AF-A0-16-05-96-4D-5A-A7-6A-DF-C2">
      <ModulePath>c:\Program Files\dotnet\shared\Microsoft.NETCore.App\2.0.0\System.Collections.NonGeneric.dll</ModulePath>
      <ModuleTime>2017-07-20T11:22:06Z</ModuleTime>
      <ModuleName>System.Collections.NonGeneric</ModuleName>
      <Files />
      <Classes />
    </Module>
    <Module skippedDueTo="Filter" hash="80-F3-31-87-AA-BE-F0-08-E2-C4-7C-2D-76-97-05-5F-96-6C-E3-CE">
      <ModulePath>c:\Program Files\dotnet\shared\Microsoft.NETCore.App\2.0.0\System.Linq.dll</ModulePath>
      <ModuleTime>2017-07-20T11:22:06Z</ModuleTime>
      <ModuleName>System.Linq</ModuleName>
      <Files />
      <Classes />
    </Module>
    <Module skippedDueTo="Filter" hash="6D-5A-04-73-28-C9-26-1C-E8-75-84-50-BF-FF-76-AC-5A-9E-28-48">
      <ModulePath>c:\Program Files\dotnet\shared\Microsoft.NETCore.App\2.0.0\System.Runtime.InteropServices.RuntimeInformation.dll</ModulePath>
      <ModuleTime>2017-07-20T11:22:08Z</ModuleTime>
      <ModuleName>System.Runtime.InteropServices.RuntimeInformation</ModuleName>
      <Files />
      <Classes />
    </Module>
    <Module skippedDueTo="Filter" hash="2E-3F-98-9F-F8-96-78-BA-71-3A-6A-0C-9C-B3-D0-39-1E-46-25-10">
      <ModulePath>c:\Program Files\dotnet\shared\Microsoft.NETCore.App\2.0.0\System.Text.RegularExpressions.dll</ModulePath>
      <ModuleTime>2017-07-20T11:22:08Z</ModuleTime>
      <ModuleName>System.Text.RegularExpressions</ModuleName>
      <Files />
      <Classes />
    </Module>
    <Module skippedDueTo="Filter" hash="89-70-E9-C9-2D-15-5F-35-A4-A6-47-48-86-2C-E8-14-EC-34-B9-9F">
      <ModulePath>c:\Program Files\dotnet\shared\Microsoft.NETCore.App\2.0.0\System.IO.FileSystem.dll</ModulePath>
      <ModuleTime>2017-07-20T11:22:06Z</ModuleTime>
      <ModuleName>System.IO.FileSystem</ModuleName>
      <Files />
      <Classes />
    </Module>
    <Module skippedDueTo="Filter" hash="F6-9B-26-AA-03-02-E2-D8-6A-A8-43-4E-56-E5-60-DE-59-F9-52-D2">
      <ModulePath>c:\Program Files\dotnet\shared\Microsoft.NETCore.App\2.0.0\System.Collections.dll</ModulePath>
      <ModuleTime>2017-07-20T11:22:06Z</ModuleTime>
      <ModuleName>System.Collections</ModuleName>
      <Files />
      <Classes />
    </Module>
    <Module skippedDueTo="Filter" hash="64-25-21-6F-19-7F-79-02-06-99-2B-08-F8-B4-86-FF-3F-FE-04-D8">
      <ModulePath>c:\Program Files\dotnet\sdk\2.0.2\Microsoft.Build.Framework.dll</ModulePath>
      <ModuleTime>2017-09-27T13:09:58Z</ModuleTime>
      <ModuleName>Microsoft.Build.Framework</ModuleName>
      <Files />
      <Classes />
    </Module>
    <Module skippedDueTo="Filter" hash="4B-B8-F7-36-81-46-46-AC-52-E9-F6-F0-10-B0-D4-A7-39-49-E6-A5">
      <ModulePath>c:\Program Files\dotnet\shared\Microsoft.NETCore.App\2.0.0\System.Console.dll</ModulePath>
      <ModuleTime>2017-07-20T11:22:06Z</ModuleTime>
      <ModuleName>System.Console</ModuleName>
      <Files />
      <Classes />
    </Module>
    <Module skippedDueTo="Filter" hash="D3-0D-8C-89-46-05-76-82-98-9B-3A-55-AA-A8-86-0F-4E-D3-C0-D8">
      <ModulePath>c:\Program Files\dotnet\sdk\2.0.2\runtimes\win\lib\netstandard1.3\System.Text.Encoding.CodePages.dll</ModulePath>
      <ModuleTime>2017-09-27T13:10:18Z</ModuleTime>
      <ModuleName>System.Text.Encoding.CodePages</ModuleName>
      <Files />
      <Classes />
    </Module>
    <Module skippedDueTo="Filter" hash="71-55-8B-F9-57-BC-B0-34-9A-F8-A2-C8-58-A4-C7-74-EC-A4-CD-9C">
      <ModulePath>c:\Program Files\dotnet\shared\Microsoft.NETCore.App\2.0.0\System.Text.Encoding.dll</ModulePath>
      <ModuleTime>2017-07-20T11:22:08Z</ModuleTime>
      <ModuleName>System.Text.Encoding</ModuleName>
      <Files />
      <Classes />
    </Module>
    <Module skippedDueTo="Filter" hash="E6-69-68-08-E2-62-0F-85-F0-BE-8F-4D-51-D1-88-8E-81-FD-73-0B">
      <ModulePath>c:\Program Files\dotnet\shared\Microsoft.NETCore.App\2.0.0\System.Globalization.dll</ModulePath>
      <ModuleTime>2017-07-20T11:22:06Z</ModuleTime>
      <ModuleName>System.Globalization</ModuleName>
      <Files />
      <Classes />
    </Module>
    <Module skippedDueTo="Filter" hash="76-D6-0F-34-39-88-B9-EA-22-4C-AD-6D-50-8A-3E-76-CC-F1-B7-E9">
      <ModulePath>c:\Program Files\dotnet\sdk\2.0.2\Microsoft.Build.dll</ModulePath>
      <ModuleTime>2017-09-27T13:09:58Z</ModuleTime>
      <ModuleName>Microsoft.Build</ModuleName>
      <Files />
      <Classes />
    </Module>
    <Module skippedDueTo="Filter" hash="8B-99-E8-F0-CD-95-95-B0-68-10-D4-3A-CB-A1-0A-BE-38-66-BE-13">
      <ModulePath>c:\Program Files\dotnet\shared\Microsoft.NETCore.App\2.0.0\System.Collections.Concurrent.dll</ModulePath>
      <ModuleTime>2017-07-20T11:22:06Z</ModuleTime>
      <ModuleName>System.Collections.Concurrent</ModuleName>
      <Files />
      <Classes />
    </Module>
    <Module skippedDueTo="Filter" hash="F7-4D-D9-14-5A-90-21-C9-4E-86-49-01-D6-A7-3B-F7-36-72-76-BD">
      <ModulePath>c:\Program Files\dotnet\sdk\2.0.2\dotnet.dll</ModulePath>
      <ModuleTime>2017-09-27T13:10:38Z</ModuleTime>
      <ModuleName>dotnet</ModuleName>
      <Files />
      <Classes />
    </Module>
    <Module skippedDueTo="Filter" hash="64-12-32-8C-6E-28-7A-20-2F-F9-F3-0E-D3-2D-8D-CC-17-10-22-1C">
      <ModulePath>c:\Program Files\dotnet\sdk\2.0.2\Microsoft.Build.Utilities.Core.dll</ModulePath>
      <ModuleTime>2017-09-27T13:09:58Z</ModuleTime>
      <ModuleName>Microsoft.Build.Utilities.Core</ModuleName>
      <Files />
      <Classes />
    </Module>
    <Module skippedDueTo="Filter" hash="70-30-02-DB-15-7B-B3-89-B2-35-C3-9E-72-7B-ED-68-9E-43-9E-53">
      <ModulePath>c:\Program Files\dotnet\sdk\2.0.2\Microsoft.DotNet.Tools.MigrateCommand.dll</ModulePath>
      <ModuleTime>2017-09-27T13:09:58Z</ModuleTime>
      <ModuleName>Microsoft.DotNet.Tools.MigrateCommand</ModuleName>
      <Files />
      <Classes />
    </Module>
    <Module skippedDueTo="Filter" hash="2B-35-BB-8B-7B-AF-43-D0-33-84-F4-EE-E0-5A-B3-BF-FD-75-DF-B9">
      <ModulePath>c:\Program Files\dotnet\sdk\2.0.2\Microsoft.DotNet.Cli.Utils.dll</ModulePath>
      <ModuleTime>2017-09-27T13:09:58Z</ModuleTime>
      <ModuleName>Microsoft.DotNet.Cli.Utils</ModuleName>
      <Files />
      <Classes />
    </Module>
    <Module skippedDueTo="Filter" hash="C2-3F-23-20-F7-1F-CB-50-0D-53-68-7A-E8-B2-52-96-48-F3-64-A9">
      <ModulePath>c:\Program Files\dotnet\sdk\2.0.2\NuGet.Frameworks.dll</ModulePath>
      <ModuleTime>2017-09-27T13:10:34Z</ModuleTime>
      <ModuleName>NuGet.Frameworks</ModuleName>
      <Files />
      <Classes />
    </Module>
    <Module skippedDueTo="Filter" hash="45-E9-3D-14-67-92-EB-4A-1C-CC-E2-01-D2-6C-A1-29-4A-C8-C1-1E">
      <ModulePath>c:\Program Files\dotnet\shared\Microsoft.NETCore.App\2.0.0\System.Reflection.Extensions.dll</ModulePath>
      <ModuleTime>2017-07-20T11:22:08Z</ModuleTime>
      <ModuleName>System.Reflection.Extensions</ModuleName>
      <Files />
      <Classes />
    </Module>
    <Module skippedDueTo="Filter" hash="67-51-C1-A2-8D-76-13-D9-76-79-6B-99-CD-9D-76-EC-7B-69-D9-64">
      <ModulePath>c:\Program Files\dotnet\sdk\2.0.2\Microsoft.DotNet.Configurer.dll</ModulePath>
      <ModuleTime>2017-09-27T13:09:58Z</ModuleTime>
      <ModuleName>Microsoft.DotNet.Configurer</ModuleName>
      <Files />
      <Classes />
    </Module>
    <Module skippedDueTo="Filter" hash="28-64-0C-1D-2D-FE-9E-CA-72-94-1F-5E-D9-D2-B8-19-8B-DB-2E-70">
      <ModulePath>c:\Program Files\dotnet\sdk\2.0.2\Microsoft.DotNet.InternalAbstractions.dll</ModulePath>
      <ModuleTime>2017-09-27T13:09:58Z</ModuleTime>
      <ModuleName>Microsoft.DotNet.InternalAbstractions</ModuleName>
      <Files />
      <Classes />
    </Module>
    <Module skippedDueTo="Filter" hash="2A-C9-25-F3-D5-15-6C-B1-09-A6-1F-DA-0F-51-0B-96-DE-24-F6-E0">
      <ModulePath>c:\Program Files\dotnet\shared\Microsoft.NETCore.App\2.0.0\System.IO.FileSystem.Primitives.dll</ModulePath>
      <ModuleTime>2017-07-20T11:22:06Z</ModuleTime>
      <ModuleName>System.IO.FileSystem.Primitives</ModuleName>
      <Files />
      <Classes />
    </Module>
    <Module skippedDueTo="Filter" hash="2D-70-CB-62-DA-FC-A2-6C-E4-9F-F1-DB-4C-3B-9A-34-20-80-E4-06">
      <ModulePath>c:\Program Files\dotnet\shared\Microsoft.NETCore.App\2.0.0\System.IO.dll</ModulePath>
      <ModuleTime>2017-07-20T11:22:06Z</ModuleTime>
      <ModuleName>System.IO</ModuleName>
      <Files />
      <Classes />
    </Module>
    <Module skippedDueTo="Filter" hash="B2-BE-51-C1-D6-2A-0C-53-F3-F0-12-22-46-52-B4-E1-EF-2C-9E-07">
      <ModulePath>c:\Program Files\dotnet\sdk\2.0.2\Microsoft.ApplicationInsights.dll</ModulePath>
      <ModuleTime>2017-09-27T13:09:58Z</ModuleTime>
      <ModuleName>Microsoft.ApplicationInsights</ModuleName>
      <Files />
      <Classes />
    </Module>
    <Module skippedDueTo="Filter" hash="B8-E0-1C-46-05-EF-1C-0F-0F-1D-3C-D4-89-4D-08-3A-89-36-F3-E5">
      <ModulePath>c:\Program Files\dotnet\shared\Microsoft.NETCore.App\2.0.0\System.Xml.XDocument.dll</ModulePath>
      <ModuleTime>2017-07-20T11:22:08Z</ModuleTime>
      <ModuleName>System.Xml.XDocument</ModuleName>
      <Files />
      <Classes />
    </Module>
    <Module skippedDueTo="Filter" hash="76-A3-0C-AD-28-11-DC-81-BA-2D-4B-C3-06-E4-74-7F-83-3A-B3-DF">
      <ModulePath>c:\Program Files\dotnet\shared\Microsoft.NETCore.App\2.0.0\System.Runtime.Handles.dll</ModulePath>
      <ModuleTime>2017-07-20T11:22:08Z</ModuleTime>
      <ModuleName>System.Runtime.Handles</ModuleName>
      <Files />
      <Classes />
    </Module>
    <Module skippedDueTo="Filter" hash="DD-F6-D3-A5-01-A8-F6-AC-1B-A1-E9-B5-7C-53-43-D4-64-1C-30-53">
      <ModulePath>c:\Program Files\dotnet\shared\Microsoft.NETCore.App\2.0.0\System.Private.Xml.Linq.dll</ModulePath>
      <ModuleTime>2017-07-20T11:22:08Z</ModuleTime>
      <ModuleName>System.Private.Xml.Linq</ModuleName>
      <Files />
      <Classes />
    </Module>
    <Module skippedDueTo="Filter" hash="A0-2C-E4-67-65-31-2F-52-34-BE-1B-B5-8E-F0-03-96-33-5C-4A-E3">
      <ModulePath>c:\Program Files\dotnet\shared\Microsoft.NETCore.App\2.0.0\System.Diagnostics.Tracing.dll</ModulePath>
      <ModuleTime>2017-07-20T11:22:06Z</ModuleTime>
      <ModuleName>System.Diagnostics.Tracing</ModuleName>
      <Files />
      <Classes />
    </Module>
    <Module skippedDueTo="Filter" hash="EF-01-0C-C7-04-7B-55-8E-E4-3A-33-93-09-C2-FB-42-94-A0-43-B7">
      <ModulePath>c:\Program Files\dotnet\shared\Microsoft.NETCore.App\2.0.0\System.Threading.Tasks.dll</ModulePath>
      <ModuleTime>2017-07-20T11:22:08Z</ModuleTime>
      <ModuleName>System.Threading.Tasks</ModuleName>
      <Files />
      <Classes />
    </Module>
    <Module skippedDueTo="Filter" hash="FA-2B-87-A5-50-E5-4F-A1-C0-7E-53-1F-0B-F1-52-F1-E9-38-1F-38">
      <ModulePath>c:\Program Files\dotnet\shared\Microsoft.NETCore.App\2.0.0\System.Private.Uri.dll</ModulePath>
      <ModuleTime>2017-07-20T11:22:08Z</ModuleTime>
      <ModuleName>System.Private.Uri</ModuleName>
      <Files />
      <Classes />
    </Module>
    <Module skippedDueTo="Filter" hash="73-54-22-32-26-F5-C5-28-8D-B4-86-0A-63-45-C1-9C-88-44-8C-3B">
      <ModulePath>c:\Program Files\dotnet\sdk\2.0.2\Microsoft.DotNet.PlatformAbstractions.dll</ModulePath>
      <ModuleTime>2017-09-27T13:09:58Z</ModuleTime>
      <ModuleName>Microsoft.DotNet.PlatformAbstractions</ModuleName>
      <Files />
      <Classes />
    </Module>
    <Module skippedDueTo="Filter" hash="DF-1D-D6-51-B7-A1-8A-53-06-A0-34-64-B1-6C-11-1E-7F-0F-CE-94">
      <ModulePath>c:\Program Files\dotnet\shared\Microsoft.NETCore.App\2.0.0\System.Threading.Tasks.Dataflow.dll</ModulePath>
      <ModuleTime>2017-07-20T11:22:08Z</ModuleTime>
      <ModuleName>System.Threading.Tasks.Dataflow</ModuleName>
      <Files />
      <Classes />
    </Module>
    <Module skippedDueTo="Filter" hash="C9-03-33-2D-B2-3B-A1-8A-2F-95-2B-0B-9D-A7-9A-D1-0D-9E-03-C3">
      <ModulePath>c:\Program Files\dotnet\shared\Microsoft.NETCore.App\2.0.0\netstandard.dll</ModulePath>
      <ModuleTime>2017-07-20T11:22:08Z</ModuleTime>
      <ModuleName>netstandard</ModuleName>
      <Files />
      <Classes />
    </Module>
    <Module skippedDueTo="Filter" hash="1D-2D-98-E4-A2-F2-43-8E-21-6C-72-DF-A8-3D-26-3C-24-D6-D9-12">
      <ModulePath>c:\Program Files\dotnet\shared\Microsoft.NETCore.App\2.0.0\System.Security.Cryptography.Algorithms.dll</ModulePath>
      <ModuleTime>2017-07-20T11:22:08Z</ModuleTime>
      <ModuleName>System.Security.Cryptography.Algorithms</ModuleName>
      <Files />
      <Classes />
    </Module>
    <Module skippedDueTo="Filter" hash="C9-B1-4A-54-97-4E-1E-D7-82-8B-E9-17-E9-56-A6-83-32-BF-A1-41">
      <ModulePath>c:\Program Files\dotnet\shared\Microsoft.NETCore.App\2.0.0\System.Security.Cryptography.Primitives.dll</ModulePath>
      <ModuleTime>2017-07-20T11:22:08Z</ModuleTime>
      <ModuleName>System.Security.Cryptography.Primitives</ModuleName>
      <Files />
      <Classes />
    </Module>
    <Module skippedDueTo="Filter" hash="3E-2C-80-45-4B-5B-8B-5F-09-84-82-17-AA-7B-43-BF-3F-43-55-D2">
      <ModulePath>c:\Program Files\dotnet\shared\Microsoft.NETCore.App\2.0.0\System.Resources.ResourceManager.dll</ModulePath>
      <ModuleTime>2017-07-20T11:22:08Z</ModuleTime>
      <ModuleName>System.Resources.ResourceManager</ModuleName>
      <Files />
      <Classes />
    </Module>
    <Module skippedDueTo="Filter" hash="D5-25-59-4D-0F-50-A0-85-00-7F-EB-E1-0B-BD-B5-82-30-09-75-C8">
      <ModulePath>c:\Program Files\dotnet\shared\Microsoft.NETCore.App\2.0.0\System.ObjectModel.dll</ModulePath>
      <ModuleTime>2017-07-20T11:22:08Z</ModuleTime>
      <ModuleName>System.ObjectModel</ModuleName>
      <Files />
      <Classes />
    </Module>
    <Module skippedDueTo="Filter" hash="92-A1-00-E7-E2-BF-4D-F7-95-CB-46-C2-DF-CC-15-61-47-27-B2-9F">
      <ModulePath>c:\Program Files\dotnet\shared\Microsoft.NETCore.App\2.0.0\System.Threading.Thread.dll</ModulePath>
      <ModuleTime>2017-07-20T11:22:08Z</ModuleTime>
      <ModuleName>System.Threading.Thread</ModuleName>
      <Files />
      <Classes />
    </Module>
    <Module skippedDueTo="Filter" hash="7C-EB-99-71-08-B5-1F-60-CA-48-72-95-5E-DE-E2-5B-79-99-49-4F">
      <ModulePath>c:\Program Files\dotnet\shared\Microsoft.NETCore.App\2.0.0\System.Xml.ReaderWriter.dll</ModulePath>
      <ModuleTime>2017-07-20T11:22:08Z</ModuleTime>
      <ModuleName>System.Xml.ReaderWriter</ModuleName>
      <Files />
      <Classes />
    </Module>
    <Module skippedDueTo="Filter" hash="92-AC-DA-99-81-1A-EB-3D-7D-F3-46-72-13-0A-D3-C6-8A-70-DB-4C">
      <ModulePath>c:\Program Files\dotnet\shared\Microsoft.NETCore.App\2.0.0\System.Private.Xml.dll</ModulePath>
      <ModuleTime>2017-07-20T11:22:08Z</ModuleTime>
      <ModuleName>System.Private.Xml</ModuleName>
      <Files />
      <Classes />
    </Module>
    <Module skippedDueTo="Filter" hash="D3-F6-1A-F1-57-F1-04-F9-6E-11-BB-94-3E-86-F5-C3-6D-06-04-E2">
      <ModulePath>c:\Program Files\dotnet\shared\Microsoft.NETCore.App\2.0.0\System.Text.Encoding.Extensions.dll</ModulePath>
      <ModuleTime>2017-07-20T11:22:08Z</ModuleTime>
      <ModuleName>System.Text.Encoding.Extensions</ModuleName>
      <Files />
      <Classes />
    </Module>
    <Module skippedDueTo="Filter" hash="CF-8A-90-C4-AB-10-6A-59-C0-1A-9A-F8-B0-C9-E3-7D-B3-7F-76-A4">
      <ModulePath>c:\Program Files\dotnet\shared\Microsoft.NETCore.App\2.0.0\System.Xml.XmlDocument.dll</ModulePath>
      <ModuleTime>2017-07-20T11:22:08Z</ModuleTime>
      <ModuleName>System.Xml.XmlDocument</ModuleName>
      <Files />
      <Classes />
    </Module>
    <Module skippedDueTo="Filter" hash="1A-66-09-E2-D5-E4-83-D8-7E-2A-93-BE-1A-5C-12-EF-04-A0-6A-AE">
      <ModulePath>c:\Program Files\dotnet\shared\Microsoft.NETCore.App\2.0.0\System.Diagnostics.FileVersionInfo.dll</ModulePath>
      <ModuleTime>2017-07-20T11:22:06Z</ModuleTime>
      <ModuleName>System.Diagnostics.FileVersionInfo</ModuleName>
      <Files />
      <Classes />
    </Module>
    <Module skippedDueTo="Filter" hash="52-C8-E5-3A-B2-32-4A-17-18-33-8B-13-C2-3A-53-6D-EC-77-D9-9A">
      <ModulePath>c:\Program Files\dotnet\shared\Microsoft.NETCore.App\2.0.0\System.Reflection.Primitives.dll</ModulePath>
      <ModuleTime>2017-07-20T11:22:08Z</ModuleTime>
      <ModuleName>System.Reflection.Primitives</ModuleName>
      <Files />
      <Classes />
    </Module>
    <Module skippedDueTo="Filter" hash="B1-F6-FE-F4-3D-92-32-23-15-F5-F7-C9-04-1B-F8-AD-AF-D2-E4-C6">
      <ModulePath>c:\Program Files\dotnet\shared\Microsoft.NETCore.App\2.0.0\System.Collections.Immutable.dll</ModulePath>
      <ModuleTime>2017-07-20T11:22:06Z</ModuleTime>
      <ModuleName>System.Collections.Immutable</ModuleName>
      <Files />
      <Classes />
    </Module>
    <Module skippedDueTo="Filter" hash="8A-4F-17-74-FD-68-8E-05-38-F9-E5-77-DD-61-67-A7-76-C1-60-06">
      <ModulePath>c:\Program Files\dotnet\sdk\2.0.2\Microsoft.Build.Tasks.Core.dll</ModulePath>
      <ModuleTime>2017-09-27T13:09:58Z</ModuleTime>
      <ModuleName>Microsoft.Build.Tasks.Core</ModuleName>
      <Files />
      <Classes />
    </Module>
    <Module skippedDueTo="Filter" hash="F0-3D-2A-44-F9-B3-B6-21-4F-F4-10-38-CA-F2-82-31-35-DD-39-81">
      <ModulePath>c:\Program Files\dotnet\sdk\2.0.2\Microsoft.TestPlatform.Build.dll</ModulePath>
      <ModuleTime>2017-09-27T13:09:58Z</ModuleTime>
      <ModuleName>Microsoft.TestPlatform.Build</ModuleName>
      <Files />
      <Classes />
    </Module>
    <Module skippedDueTo="Filter" hash="50-B7-0E-CE-03-26-1D-99-C0-19-0F-7E-AB-AB-7A-52-3C-23-2D-95">
      <ModulePath>c:\Program Files\dotnet\shared\Microsoft.NETCore.App\2.0.0\System.Threading.ThreadPool.dll</ModulePath>
      <ModuleTime>2017-07-20T11:22:08Z</ModuleTime>
      <ModuleName>System.Threading.ThreadPool</ModuleName>
      <Files />
      <Classes />
    </Module>
    <Module skippedDueTo="Filter" hash="7F-86-D1-E6-14-45-A7-32-BF-F5-26-4C-B3-4B-72-A0-1B-F2-EF-62">
      <ModulePath>c:\Program Files\dotnet\shared\Microsoft.NETCore.App\2.0.0\System.Runtime.Loader.dll</ModulePath>
      <ModuleTime>2017-07-20T11:22:08Z</ModuleTime>
      <ModuleName>System.Runtime.Loader</ModuleName>
      <Files />
      <Classes />
    </Module>
    <Module skippedDueTo="Filter" hash="85-74-21-EC-76-BB-C4-A6-3A-AE-CE-60-C8-82-FC-E5-4F-88-33-73">
      <ModulePath>c:\Program Files\dotnet\shared\Microsoft.NETCore.App\2.0.0\System.Diagnostics.Tools.dll</ModulePath>
      <ModuleTime>2017-07-20T11:22:06Z</ModuleTime>
      <ModuleName>System.Diagnostics.Tools</ModuleName>
      <Files />
      <Classes />
    </Module>
    <Module skippedDueTo="Filter" hash="5C-83-90-B6-14-08-9D-E1-66-2C-8D-9C-A8-4A-18-F8-12-0E-A7-65">
      <ModulePath>c:\Program Files\dotnet\sdk\2.0.2\Sdks\Microsoft.NET.Sdk\build\..\tools\netcoreapp1.0/Microsoft.NET.Build.Tasks.dll</ModulePath>
      <ModuleTime>2017-09-27T13:14:06Z</ModuleTime>
      <ModuleName>Microsoft.NET.Build.Tasks</ModuleName>
      <Files />
      <Classes />
    </Module>
    <Module skippedDueTo="Filter" hash="AB-3C-81-B8-F6-36-BB-7C-8D-F5-C8-0A-7F-23-6E-13-4F-0E-D5-62">
      <ModulePath>c:\Program Files\dotnet\shared\Microsoft.NETCore.App\2.0.0\System.Diagnostics.Debug.dll</ModulePath>
      <ModuleTime>2017-07-20T11:22:06Z</ModuleTime>
      <ModuleName>System.Diagnostics.Debug</ModuleName>
      <Files />
      <Classes />
    </Module>
    <Module skippedDueTo="Filter" hash="EE-F7-12-04-F9-F9-02-18-2C-FA-A5-20-0B-E5-40-DC-C9-BA-47-4F">
      <ModulePath>c:\Program Files\dotnet\shared\Microsoft.NETCore.App\2.0.0\System.IO.Compression.dll</ModulePath>
      <ModuleTime>2017-07-20T11:22:06Z</ModuleTime>
      <ModuleName>System.IO.Compression</ModuleName>
      <Files />
      <Classes />
    </Module>
    <Module skippedDueTo="Filter" hash="CD-43-5A-53-5F-46-5A-61-F0-49-BE-B7-F3-EA-0F-20-AD-1A-8D-C6">
      <ModulePath>c:\Program Files\dotnet\shared\Microsoft.NETCore.App\2.0.0\System.Buffers.dll</ModulePath>
      <ModuleTime>2017-07-20T11:22:06Z</ModuleTime>
      <ModuleName>System.Buffers</ModuleName>
      <Files />
      <Classes />
    </Module>
    <Module skippedDueTo="Filter" hash="CC-A9-44-14-C0-83-81-18-CD-C3-98-18-DE-ED-DD-9B-43-0F-C5-DD">
      <ModulePath>c:\Program Files\dotnet\sdk\2.0.2\NuGet.ProjectModel.dll</ModulePath>
      <ModuleTime>2017-09-27T13:10:34Z</ModuleTime>
      <ModuleName>NuGet.ProjectModel</ModuleName>
      <Files />
      <Classes />
    </Module>
    <Module skippedDueTo="Filter" hash="FD-E1-3E-FD-23-4D-64-8B-62-CF-27-55-58-6A-B3-6F-F3-26-8C-DA">
      <ModulePath>c:\Program Files\dotnet\sdk\2.0.2\NuGet.Common.dll</ModulePath>
      <ModuleTime>2017-09-27T13:10:34Z</ModuleTime>
      <ModuleName>NuGet.Common</ModuleName>
      <Files />
      <Classes />
    </Module>
    <Module skippedDueTo="Filter" hash="CD-6B-BC-AF-EF-21-6A-54-B4-B0-81-FD-3E-17-A9-EA-BA-D0-23-3D">
      <ModulePath>c:\Program Files\dotnet\shared\Microsoft.NETCore.App\2.0.0\System.Net.Http.dll</ModulePath>
      <ModuleTime>2017-07-20T11:22:06Z</ModuleTime>
      <ModuleName>System.Net.Http</ModuleName>
      <Files />
      <Classes />
    </Module>
    <Module skippedDueTo="Filter" hash="5F-EC-41-41-AB-49-88-F8-F1-2A-13-23-4A-59-C7-E1-C4-B9-7B-57">
      <ModulePath>c:\Program Files\dotnet\shared\Microsoft.NETCore.App\2.0.0\System.Net.Primitives.dll</ModulePath>
      <ModuleTime>2017-07-20T11:22:08Z</ModuleTime>
      <ModuleName>System.Net.Primitives</ModuleName>
      <Files />
      <Classes />
    </Module>
    <Module skippedDueTo="Filter" hash="98-3A-7B-64-EB-F0-D8-A2-CA-DA-3F-65-0F-A5-C0-06-09-79-E7-8D">
      <ModulePath>c:\Program Files\dotnet\sdk\2.0.2\Newtonsoft.Json.dll</ModulePath>
      <ModuleTime>2017-09-27T13:04:34Z</ModuleTime>
      <ModuleName>Newtonsoft.Json</ModuleName>
      <Files />
      <Classes />
    </Module>
    <Module skippedDueTo="Filter" hash="7A-DB-D3-5C-EB-1E-6E-FF-8F-C6-E5-82-86-2B-77-2E-B1-DE-36-21">
      <ModulePath>c:\Program Files\dotnet\shared\Microsoft.NETCore.App\2.0.0\System.Dynamic.Runtime.dll</ModulePath>
      <ModuleTime>2017-07-20T11:22:06Z</ModuleTime>
      <ModuleName>System.Dynamic.Runtime</ModuleName>
      <Files />
      <Classes />
    </Module>
    <Module skippedDueTo="Filter" hash="83-02-2F-5B-C7-1D-94-96-BC-75-A7-ED-DA-57-BA-A5-FB-E7-6F-1B">
      <ModulePath>c:\Program Files\dotnet\shared\Microsoft.NETCore.App\2.0.0\System.Linq.Expressions.dll</ModulePath>
      <ModuleTime>2017-07-20T11:22:06Z</ModuleTime>
      <ModuleName>System.Linq.Expressions</ModuleName>
      <Files />
      <Classes />
    </Module>
    <Module skippedDueTo="Filter" hash="AE-65-E4-FB-FE-67-FA-05-AA-9C-A5-D5-B0-AF-33-CC-AF-92-9B-35">
      <ModulePath>c:\Program Files\dotnet\shared\Microsoft.NETCore.App\2.0.0\System.Diagnostics.DiagnosticSource.dll</ModulePath>
      <ModuleTime>2017-07-20T11:22:06Z</ModuleTime>
      <ModuleName>System.Diagnostics.DiagnosticSource</ModuleName>
      <Files />
      <Classes />
    </Module>
    <Module skippedDueTo="Filter" hash="94-15-48-19-F1-3C-5A-72-8C-BC-69-73-B7-42-21-90-E4-5A-A9-B9">
      <ModulePath>c:\Program Files\dotnet\shared\Microsoft.NETCore.App\2.0.0\System.Security.Cryptography.X509Certificates.dll</ModulePath>
      <ModuleTime>2017-07-20T11:22:08Z</ModuleTime>
      <ModuleName>System.Security.Cryptography.X509Certificates</ModuleName>
      <Files />
      <Classes />
    </Module>
    <Module skippedDueTo="Filter" hash="E0-D0-B3-03-F8-3F-C4-63-96-7E-9F-5F-DC-AB-B4-83-12-B4-CC-02">
      <ModulePath>c:\Program Files\dotnet\sdk\2.0.2\NuGet.Versioning.dll</ModulePath>
      <ModuleTime>2017-09-27T13:10:34Z</ModuleTime>
      <ModuleName>NuGet.Versioning</ModuleName>
      <Files />
      <Classes />
    </Module>
    <Module skippedDueTo="Filter" hash="A6-F4-E1-8F-CA-D7-08-10-9E-77-87-4D-35-8F-B7-E8-C1-46-CB-08">
      <ModulePath>c:\Program Files\dotnet\sdk\2.0.2\NuGet.Packaging.Core.dll</ModulePath>
      <ModuleTime>2017-09-27T13:10:34Z</ModuleTime>
      <ModuleName>NuGet.Packaging.Core</ModuleName>
      <Files />
      <Classes />
    </Module>
    <Module skippedDueTo="Filter" hash="B7-21-EC-0A-AF-09-D0-83-2E-D7-3B-BA-BF-EE-D0-F3-B0-C5-58-F3">
      <ModulePath>c:\Program Files\dotnet\sdk\2.0.2\NuGet.LibraryModel.dll</ModulePath>
      <ModuleTime>2017-09-27T13:10:34Z</ModuleTime>
      <ModuleName>NuGet.LibraryModel</ModuleName>
      <Files />
      <Classes />
    </Module>
    <Module skippedDueTo="Filter" hash="6C-F6-59-9F-99-90-3F-86-DF-C9-A8-1D-6C-93-80-D3-8E-04-52-5D">
      <ModulePath>c:\Program Files\dotnet\sdk\2.0.2\NuGet.Packaging.dll</ModulePath>
      <ModuleTime>2017-09-27T13:10:34Z</ModuleTime>
      <ModuleName>NuGet.Packaging</ModuleName>
      <Files />
      <Classes />
    </Module>
    <Module skippedDueTo="Filter" hash="FF-AD-13-68-35-CA-0A-F3-17-F1-A7-41-58-16-DA-37-FB-9E-24-4F">
      <ModulePath>c:\Program Files\dotnet\sdk\2.0.2\NuGet.Configuration.dll</ModulePath>
      <ModuleTime>2017-09-27T13:10:34Z</ModuleTime>
      <ModuleName>NuGet.Configuration</ModuleName>
      <Files />
      <Classes />
    </Module>
    <Module skippedDueTo="Filter" hash="A0-72-53-FA-36-18-FB-FB-F8-17-22-67-D9-37-D8-0C-48-8C-D2-DE">
      <ModulePath>c:\Program Files\dotnet\shared\Microsoft.NETCore.App\2.0.0\System.Reflection.Metadata.dll</ModulePath>
      <ModuleTime>2017-07-20T11:22:08Z</ModuleTime>
      <ModuleName>System.Reflection.Metadata</ModuleName>
      <Files />
      <Classes />
    </Module>
    <Module skippedDueTo="Filter" hash="92-D8-BD-43-1E-47-8E-28-0A-44-C7-08-44-82-19-58-5E-AD-35-C9">
      <ModulePath>c:\Program Files\dotnet\shared\Microsoft.NETCore.App\2.0.0\System.IO.MemoryMappedFiles.dll</ModulePath>
      <ModuleTime>2017-07-20T11:22:06Z</ModuleTime>
      <ModuleName>System.IO.MemoryMappedFiles</ModuleName>
      <Files />
      <Classes />
    </Module>
    <Module skippedDueTo="Filter" hash="D8-77-9A-96-E3-0A-0A-FC-D4-17-8D-BD-10-D4-C8-02-21-75-44-1E">
      <ModulePath>c:\Program Files\dotnet\sdk\2.0.2\Roslyn\Microsoft.Build.Tasks.CodeAnalysis.dll</ModulePath>
      <ModuleTime>2017-09-27T13:10:00Z</ModuleTime>
      <ModuleName>Microsoft.Build.Tasks.CodeAnalysis</ModuleName>
      <Files />
      <Classes />
    </Module>
    <Module skippedDueTo="Filter" hash="10-5F-52-1E-AE-ED-C8-AC-46-9C-6B-23-CA-AD-10-67-C9-96-30-2F">
      <ModulePath>c:\Program Files\dotnet\shared\Microsoft.NETCore.App\2.0.0\System.Threading.Timer.dll</ModulePath>
      <ModuleTime>2017-07-20T11:22:08Z</ModuleTime>
      <ModuleName>System.Threading.Timer</ModuleName>
      <Files />
      <Classes />
    </Module>
    <Module skippedDueTo="Filter" hash="2F-88-A9-BB-B6-16-36-10-AC-73-83-54-44-F5-17-12-E0-9F-03-28">
      <ModulePath>c:\Program Files\dotnet\shared\Microsoft.NETCore.App\2.0.0\System.Private.CoreLib.dll</ModulePath>
      <ModuleTime>2017-07-20T11:22:08Z</ModuleTime>
      <ModuleName>System.Private.CoreLib</ModuleName>
      <Files />
      <Classes />
    </Module>
    <Module skippedDueTo="Filter" hash="7C-CD-F2-19-A3-E4-01-93-D1-A8-12-CA-78-08-CC-ED-16-DF-88-19">
      <ModulePath>c:\Program Files\dotnet\sdk\2.0.2\Roslyn\csc.exe</ModulePath>
      <ModuleTime>2017-09-27T13:10:38Z</ModuleTime>
      <ModuleName>csc</ModuleName>
      <Files />
      <Classes />
    </Module>
    <Module skippedDueTo="Filter" hash="B1-9D-98-DD-3C-A1-89-69-AC-7E-F1-16-E9-88-3F-F4-4C-77-AB-38">
      <ModulePath>c:\Program Files\dotnet\shared\Microsoft.NETCore.App\2.0.0\System.Runtime.dll</ModulePath>
      <ModuleTime>2017-07-20T11:22:08Z</ModuleTime>
      <ModuleName>System.Runtime</ModuleName>
      <Files />
      <Classes />
    </Module>
    <Module skippedDueTo="Filter" hash="2A-7F-74-B8-01-56-6A-0A-87-4A-6A-DB-17-B2-EA-76-C7-C9-19-A3">
      <ModulePath>c:\Program Files\dotnet\sdk\2.0.2\Roslyn\Microsoft.CodeAnalysis.CSharp.dll</ModulePath>
      <ModuleTime>2017-09-27T13:10:02Z</ModuleTime>
      <ModuleName>Microsoft.CodeAnalysis.CSharp</ModuleName>
      <Files />
      <Classes />
    </Module>
    <Module skippedDueTo="Filter" hash="33-E9-90-1E-04-6B-36-50-7F-55-11-50-8A-0A-E4-14-EB-0E-92-CE">
      <ModulePath>c:\Program Files\dotnet\sdk\2.0.2\Roslyn\Microsoft.CodeAnalysis.dll</ModulePath>
      <ModuleTime>2017-09-27T13:10:00Z</ModuleTime>
      <ModuleName>Microsoft.CodeAnalysis</ModuleName>
      <Files />
      <Classes />
    </Module>
    <Module skippedDueTo="Filter" hash="2D-70-CB-62-DA-FC-A2-6C-E4-9F-F1-DB-4C-3B-9A-34-20-80-E4-06">
      <ModulePath>c:\Program Files\dotnet\shared\Microsoft.NETCore.App\2.0.0\System.IO.dll</ModulePath>
      <ModuleTime>2017-07-20T11:22:06Z</ModuleTime>
      <ModuleName>System.IO</ModuleName>
      <Files />
      <Classes />
    </Module>
    <Module skippedDueTo="Filter" hash="3C-7A-96-F0-F0-0A-AB-CF-4A-F1-7F-84-AD-D1-CC-8A-89-FB-43-30">
      <ModulePath>c:\Program Files\dotnet\shared\Microsoft.NETCore.App\2.0.0\System.Runtime.Extensions.dll</ModulePath>
      <ModuleTime>2017-07-20T11:22:08Z</ModuleTime>
      <ModuleName>System.Runtime.Extensions</ModuleName>
      <Files />
      <Classes />
    </Module>
[...]
      <ModuleTime>2017-07-20T11:22:06Z</ModuleTime>
      <ModuleName>System.IO.UnmanagedMemoryStream</ModuleName>
      <Files />
      <Classes />
    </Module>
    <Module skippedDueTo="Filter" hash="35-AC-5C-24-39-7B-60-5F-12-2A-B6-DF-4A-AB-6A-BD-48-6F-74-07">
      <ModulePath>c:\Program Files\dotnet\shared\Microsoft.NETCore.App\2.0.0\System.Linq.Parallel.dll</ModulePath>
      <ModuleTime>2017-07-20T11:22:06Z</ModuleTime>
      <ModuleName>System.Linq.Parallel</ModuleName>
      <Files />
      <Classes />
    </Module>
    <Module skippedDueTo="Filter" hash="0F-D8-AA-41-6E-B7-82-AD-6A-63-EB-5F-AE-04-63-37-CB-CC-9B-8A">
      <ModulePath>c:\Program Files\dotnet\shared\Microsoft.NETCore.App\2.0.0\System.Linq.Queryable.dll</ModulePath>
      <ModuleTime>2017-07-20T11:22:06Z</ModuleTime>
      <ModuleName>System.Linq.Queryable</ModuleName>
      <Files />
      <Classes />
    </Module>
    <Module skippedDueTo="Filter" hash="41-C5-E5-E2-42-D0-94-B2-7D-11-9D-E9-AC-0A-AD-FA-D4-D8-9C-4B">
      <ModulePath>c:\Program Files\dotnet\shared\Microsoft.NETCore.App\2.0.0\System.Net.HttpListener.dll</ModulePath>
      <ModuleTime>2017-07-20T11:22:08Z</ModuleTime>
      <ModuleName>System.Net.HttpListener</ModuleName>
      <Files />
      <Classes />
    </Module>
    <Module skippedDueTo="Filter" hash="91-60-3B-3F-5F-05-7D-37-19-D5-D1-B9-AC-10-CE-0C-EC-05-C1-40">
      <ModulePath>c:\Program Files\dotnet\shared\Microsoft.NETCore.App\2.0.0\System.Net.Mail.dll</ModulePath>
      <ModuleTime>2017-07-20T11:22:08Z</ModuleTime>
      <ModuleName>System.Net.Mail</ModuleName>
      <Files />
      <Classes />
    </Module>
    <Module skippedDueTo="Filter" hash="88-1A-7E-01-73-40-36-D6-D4-54-17-3B-C6-56-ED-EA-4D-BC-0E-D0">
      <ModulePath>c:\Program Files\dotnet\shared\Microsoft.NETCore.App\2.0.0\System.Net.NetworkInformation.dll</ModulePath>
      <ModuleTime>2017-07-20T11:22:08Z</ModuleTime>
      <ModuleName>System.Net.NetworkInformation</ModuleName>
      <Files />
      <Classes />
    </Module>
    <Module skippedDueTo="Filter" hash="99-89-A4-A5-79-7F-10-F4-D1-1D-55-9F-78-2A-52-B4-7B-4F-7F-36">
      <ModulePath>c:\Program Files\dotnet\shared\Microsoft.NETCore.App\2.0.0\System.Net.Ping.dll</ModulePath>
      <ModuleTime>2017-07-20T11:22:08Z</ModuleTime>
      <ModuleName>System.Net.Ping</ModuleName>
      <Files />
      <Classes />
    </Module>
    <Module skippedDueTo="Filter" hash="79-08-97-73-B1-D7-28-65-01-7A-66-8C-6B-1B-F6-D3-94-B4-62-A0">
      <ModulePath>c:\Program Files\dotnet\shared\Microsoft.NETCore.App\2.0.0\System.Net.Requests.dll</ModulePath>
      <ModuleTime>2017-07-20T11:22:08Z</ModuleTime>
      <ModuleName>System.Net.Requests</ModuleName>
      <Files />
      <Classes />
    </Module>
    <Module skippedDueTo="Filter" hash="F2-8B-59-E5-3E-E2-DC-1E-B5-78-17-1F-06-EC-67-F8-32-FF-36-CA">
      <ModulePath>c:\Program Files\dotnet\shared\Microsoft.NETCore.App\2.0.0\System.Net.Security.dll</ModulePath>
      <ModuleTime>2017-07-20T11:22:08Z</ModuleTime>
      <ModuleName>System.Net.Security</ModuleName>
      <Files />
      <Classes />
    </Module>
    <Module skippedDueTo="Filter" hash="CA-01-A0-3D-D3-FF-FF-70-C5-5D-77-B3-AE-79-41-C6-0C-51-19-B6">
      <ModulePath>c:\Program Files\dotnet\shared\Microsoft.NETCore.App\2.0.0\System.Net.ServicePoint.dll</ModulePath>
      <ModuleTime>2017-07-20T11:22:08Z</ModuleTime>
      <ModuleName>System.Net.ServicePoint</ModuleName>
      <Files />
      <Classes />
    </Module>
    <Module skippedDueTo="Filter" hash="D1-57-2E-8C-94-43-3E-E6-57-52-07-44-AE-75-C4-EA-F9-54-BA-E8">
      <ModulePath>c:\Program Files\dotnet\shared\Microsoft.NETCore.App\2.0.0\System.Net.WebClient.dll</ModulePath>
      <ModuleTime>2017-07-20T11:22:08Z</ModuleTime>
      <ModuleName>System.Net.WebClient</ModuleName>
      <Files />
      <Classes />
    </Module>
    <Module skippedDueTo="Filter" hash="AD-1D-9E-41-55-17-4B-33-00-37-18-A1-11-59-B4-2D-BF-92-A1-B3">
      <ModulePath>c:\Program Files\dotnet\shared\Microsoft.NETCore.App\2.0.0\System.Net.WebHeaderCollection.dll</ModulePath>
      <ModuleTime>2017-07-20T11:22:08Z</ModuleTime>
      <ModuleName>System.Net.WebHeaderCollection</ModuleName>
      <Files />
      <Classes />
    </Module>
    <Module skippedDueTo="Filter" hash="CF-01-57-2E-C4-4A-C1-DA-85-A6-14-FB-74-EB-57-FE-1D-80-D8-70">
      <ModulePath>c:\Program Files\dotnet\shared\Microsoft.NETCore.App\2.0.0\System.Net.WebProxy.dll</ModulePath>
      <ModuleTime>2017-07-20T11:22:08Z</ModuleTime>
      <ModuleName>System.Net.WebProxy</ModuleName>
      <Files />
      <Classes />
    </Module>
    <Module skippedDueTo="Filter" hash="97-DD-7B-25-FF-3F-54-13-6E-45-D6-BD-7A-CC-34-03-E2-18-CD-38">
      <ModulePath>c:\Program Files\dotnet\shared\Microsoft.NETCore.App\2.0.0\System.Net.WebSockets.Client.dll</ModulePath>
      <ModuleTime>2017-07-20T11:22:08Z</ModuleTime>
      <ModuleName>System.Net.WebSockets.Client</ModuleName>
      <Files />
      <Classes />
    </Module>
    <Module skippedDueTo="Filter" hash="90-FD-3B-D6-D7-2F-53-37-84-16-8A-64-78-66-74-3D-C1-7B-29-03">
      <ModulePath>c:\Program Files\dotnet\shared\Microsoft.NETCore.App\2.0.0\System.Net.dll</ModulePath>
      <ModuleTime>2017-07-20T11:22:08Z</ModuleTime>
      <ModuleName>System.Net</ModuleName>
      <Files />
      <Classes />
    </Module>
    <Module skippedDueTo="Filter" hash="A1-9D-25-05-AB-BA-97-94-6B-37-60-4D-ED-97-D9-45-D2-3F-08-01">
      <ModulePath>c:\Program Files\dotnet\shared\Microsoft.NETCore.App\2.0.0\System.Numerics.Vectors.dll</ModulePath>
      <ModuleTime>2017-07-20T11:22:08Z</ModuleTime>
      <ModuleName>System.Numerics.Vectors</ModuleName>
      <Files />
      <Classes />
    </Module>
    <Module skippedDueTo="Filter" hash="FB-18-C0-24-94-B4-3F-35-B9-4F-2A-28-B7-AA-61-B6-74-FE-60-8A">
      <ModulePath>c:\Program Files\dotnet\shared\Microsoft.NETCore.App\2.0.0\System.Numerics.dll</ModulePath>
      <ModuleTime>2017-07-20T11:22:08Z</ModuleTime>
      <ModuleName>System.Numerics</ModuleName>
      <Files />
      <Classes />
    </Module>
    <Module skippedDueTo="Filter" hash="55-8B-55-45-F8-F9-60-9C-55-C8-54-90-31-25-A6-6D-92-8B-BC-11">
      <ModulePath>c:\Program Files\dotnet\shared\Microsoft.NETCore.App\2.0.0\System.Private.DataContractSerialization.dll</ModulePath>
      <ModuleTime>2017-07-20T11:22:08Z</ModuleTime>
      <ModuleName>System.Private.DataContractSerialization</ModuleName>
      <Files />
      <Classes />
    </Module>
    <Module skippedDueTo="Filter" hash="E2-94-37-A4-D7-48-70-5E-EC-C3-D4-86-30-98-05-03-C7-10-EC-7E">
      <ModulePath>c:\Program Files\dotnet\shared\Microsoft.NETCore.App\2.0.0\System.Threading.Tasks.Extensions.dll</ModulePath>
      <ModuleTime>2017-07-20T11:22:08Z</ModuleTime>
      <ModuleName>System.Threading.Tasks.Extensions</ModuleName>
      <Files />
      <Classes />
    </Module>
    <Module skippedDueTo="Filter" hash="BA-7F-81-D0-D7-60-90-21-63-47-25-11-64-E4-64-92-AA-90-CA-97">
      <ModulePath>c:\Program Files\dotnet\shared\Microsoft.NETCore.App\2.0.0\System.Reflection.DispatchProxy.dll</ModulePath>
      <ModuleTime>2017-07-20T11:22:08Z</ModuleTime>
      <ModuleName>System.Reflection.DispatchProxy</ModuleName>
      <Files />
      <Classes />
    </Module>
    <Module skippedDueTo="Filter" hash="C1-EF-16-31-FD-F2-8B-39-B8-A9-51-90-AF-F5-30-0F-80-65-D5-64">
      <ModulePath>c:\Program Files\dotnet\shared\Microsoft.NETCore.App\2.0.0\System.Reflection.Emit.dll</ModulePath>
      <ModuleTime>2017-07-20T11:22:08Z</ModuleTime>
      <ModuleName>System.Reflection.Emit</ModuleName>
      <Files />
      <Classes />
    </Module>
    <Module skippedDueTo="Filter" hash="4A-A3-9A-94-A3-C6-3B-8F-C1-2F-D9-CC-68-D2-E4-8C-AE-50-F4-F1">
      <ModulePath>c:\Program Files\dotnet\shared\Microsoft.NETCore.App\2.0.0\System.Reflection.TypeExtensions.dll</ModulePath>
      <ModuleTime>2017-07-20T11:22:08Z</ModuleTime>
      <ModuleName>System.Reflection.TypeExtensions</ModuleName>
      <Files />
      <Classes />
    </Module>
    <Module skippedDueTo="Filter" hash="A3-B8-EE-A3-86-DC-F9-53-37-60-B2-16-7B-66-B4-0E-70-13-54-F9">
      <ModulePath>c:\Program Files\dotnet\shared\Microsoft.NETCore.App\2.0.0\System.Resources.Reader.dll</ModulePath>
      <ModuleTime>2017-07-20T11:22:08Z</ModuleTime>
      <ModuleName>System.Resources.Reader</ModuleName>
      <Files />
      <Classes />
    </Module>
    <Module skippedDueTo="Filter" hash="8F-C7-83-C7-C4-A3-BE-0A-18-B6-EF-4C-6A-1F-B1-52-30-F6-95-19">
      <ModulePath>c:\Program Files\dotnet\shared\Microsoft.NETCore.App\2.0.0\System.Resources.Writer.dll</ModulePath>
      <ModuleTime>2017-07-20T11:22:08Z</ModuleTime>
      <ModuleName>System.Resources.Writer</ModuleName>
      <Files />
      <Classes />
    </Module>
    <Module skippedDueTo="Filter" hash="7D-64-A8-AA-AE-F5-11-46-D6-73-51-7B-6D-C4-9A-6A-99-BE-AE-E6">
      <ModulePath>c:\Program Files\dotnet\shared\Microsoft.NETCore.App\2.0.0\System.Runtime.CompilerServices.VisualC.dll</ModulePath>
      <ModuleTime>2017-07-20T11:22:08Z</ModuleTime>
      <ModuleName>System.Runtime.CompilerServices.VisualC</ModuleName>
      <Files />
      <Classes />
    </Module>
    <Module skippedDueTo="Filter" hash="76-A3-0C-AD-28-11-DC-81-BA-2D-4B-C3-06-E4-74-7F-83-3A-B3-DF">
      <ModulePath>c:\Program Files\dotnet\shared\Microsoft.NETCore.App\2.0.0\System.Runtime.Handles.dll</ModulePath>
      <ModuleTime>2017-07-20T11:22:08Z</ModuleTime>
      <ModuleName>System.Runtime.Handles</ModuleName>
      <Files />
      <Classes />
    </Module>
    <Module skippedDueTo="Filter" hash="1C-C5-93-02-B9-A0-5A-A0-A2-A6-28-F3-B5-4E-C5-E2-DD-64-0A-BF">
      <ModulePath>c:\Program Files\dotnet\shared\Microsoft.NETCore.App\2.0.0\System.Runtime.InteropServices.WindowsRuntime.dll</ModulePath>
      <ModuleTime>2017-07-20T11:22:08Z</ModuleTime>
      <ModuleName>System.Runtime.InteropServices.WindowsRuntime</ModuleName>
      <Files />
      <Classes />
    </Module>
    <Module skippedDueTo="Filter" hash="4D-BF-C8-16-BC-64-AD-30-BB-D9-5B-A8-B6-4E-61-D6-A7-6B-0A-2D">
      <ModulePath>c:\Program Files\dotnet\shared\Microsoft.NETCore.App\2.0.0\System.Runtime.Serialization.Json.dll</ModulePath>
      <ModuleTime>2017-07-20T11:22:08Z</ModuleTime>
      <ModuleName>System.Runtime.Serialization.Json</ModuleName>
      <Files />
      <Classes />
    </Module>
    <Module skippedDueTo="Filter" hash="8F-0A-21-06-34-58-CD-52-39-42-7D-78-80-FF-F1-03-92-78-56-E7">
      <ModulePath>c:\Program Files\dotnet\shared\Microsoft.NETCore.App\2.0.0\System.Runtime.Serialization.Xml.dll</ModulePath>
      <ModuleTime>2017-07-20T11:22:08Z</ModuleTime>
      <ModuleName>System.Runtime.Serialization.Xml</ModuleName>
      <Files />
      <Classes />
    </Module>
    <Module skippedDueTo="Filter" hash="B6-B5-B9-FF-CF-7C-E2-5E-86-82-00-EB-75-C6-E2-44-43-74-D7-9C">
      <ModulePath>c:\Program Files\dotnet\shared\Microsoft.NETCore.App\2.0.0\System.Runtime.Serialization.dll</ModulePath>
      <ModuleTime>2017-07-20T11:22:08Z</ModuleTime>
      <ModuleName>System.Runtime.Serialization</ModuleName>
      <Files />
      <Classes />
    </Module>
    <Module skippedDueTo="Filter" hash="BC-AA-53-59-BB-0F-6D-18-E4-EA-6A-61-8B-1F-46-40-47-38-5F-FA">
      <ModulePath>c:\Program Files\dotnet\shared\Microsoft.NETCore.App\2.0.0\System.Security.Cryptography.Encoding.dll</ModulePath>
      <ModuleTime>2017-07-20T11:22:08Z</ModuleTime>
      <ModuleName>System.Security.Cryptography.Encoding</ModuleName>
      <Files />
      <Classes />
    </Module>
    <Module skippedDueTo="Filter" hash="B4-3B-2F-2B-AC-96-64-77-67-49-4D-35-27-BA-DE-F1-02-90-43-11">
      <ModulePath>c:\Program Files\dotnet\shared\Microsoft.NETCore.App\2.0.0\System.Security.Cryptography.Cng.dll</ModulePath>
      <ModuleTime>2017-07-20T11:22:08Z</ModuleTime>
      <ModuleName>System.Security.Cryptography.Cng</ModuleName>
      <Files />
      <Classes />
    </Module>
    <Module skippedDueTo="Filter" hash="32-91-BD-13-CA-3B-AD-61-8F-54-84-2E-64-31-C3-B3-B0-46-1F-07">
      <ModulePath>c:\Program Files\dotnet\shared\Microsoft.NETCore.App\2.0.0\System.Security.Cryptography.Csp.dll</ModulePath>
      <ModuleTime>2017-07-20T11:22:08Z</ModuleTime>
      <ModuleName>System.Security.Cryptography.Csp</ModuleName>
      <Files />
      <Classes />
    </Module>
    <Module skippedDueTo="Filter" hash="56-6B-F8-5F-27-04-B0-AF-BE-AF-89-E6-51-79-21-97-38-56-54-99">
      <ModulePath>c:\Program Files\dotnet\shared\Microsoft.NETCore.App\2.0.0\System.Security.Cryptography.OpenSsl.dll</ModulePath>
      <ModuleTime>2017-07-20T11:22:08Z</ModuleTime>
      <ModuleName>System.Security.Cryptography.OpenSsl</ModuleName>
      <Files />
      <Classes />
    </Module>
    <Module skippedDueTo="Filter" hash="F5-C4-7F-C0-42-C4-1C-80-23-49-A8-21-4C-7D-80-AD-D7-AB-0C-1F">
      <ModulePath>c:\Program Files\dotnet\shared\Microsoft.NETCore.App\2.0.0\System.Security.SecureString.dll</ModulePath>
      <ModuleTime>2017-07-20T11:22:08Z</ModuleTime>
      <ModuleName>System.Security.SecureString</ModuleName>
      <Files />
      <Classes />
    </Module>
    <Module skippedDueTo="Filter" hash="5A-DF-15-13-79-DA-1C-0F-5A-2F-A7-D3-D8-0F-B9-0D-7B-7C-65-6E">
      <ModulePath>c:\Program Files\dotnet\shared\Microsoft.NETCore.App\2.0.0\System.Security.dll</ModulePath>
      <ModuleTime>2017-07-20T11:22:08Z</ModuleTime>
      <ModuleName>System.Security</ModuleName>
      <Files />
      <Classes />
    </Module>
    <Module skippedDueTo="Filter" hash="C4-98-C0-84-22-FE-34-B5-73-86-69-1E-BA-73-C2-9F-68-56-18-C3">
      <ModulePath>c:\Program Files\dotnet\shared\Microsoft.NETCore.App\2.0.0\System.ServiceModel.Web.dll</ModulePath>
      <ModuleTime>2017-07-20T11:22:08Z</ModuleTime>
      <ModuleName>System.ServiceModel.Web</ModuleName>
      <Files />
      <Classes />
    </Module>
    <Module skippedDueTo="Filter" hash="E3-7E-AF-BD-C1-2E-DA-67-F0-63-03-31-5D-40-5C-E3-A5-01-94-A5">
      <ModulePath>c:\Program Files\dotnet\shared\Microsoft.NETCore.App\2.0.0\System.ServiceProcess.dll</ModulePath>
      <ModuleTime>2017-07-20T11:22:08Z</ModuleTime>
      <ModuleName>System.ServiceProcess</ModuleName>
      <Files />
      <Classes />
    </Module>
    <Module skippedDueTo="Filter" hash="DF-1D-D6-51-B7-A1-8A-53-06-A0-34-64-B1-6C-11-1E-7F-0F-CE-94">
      <ModulePath>c:\Program Files\dotnet\shared\Microsoft.NETCore.App\2.0.0\System.Threading.Tasks.Dataflow.dll</ModulePath>
      <ModuleTime>2017-07-20T11:22:08Z</ModuleTime>
      <ModuleName>System.Threading.Tasks.Dataflow</ModuleName>
      <Files />
      <Classes />
    </Module>
    <Module skippedDueTo="Filter" hash="B6-FC-94-10-86-08-B9-90-E1-BD-00-CD-34-8B-10-C2-1A-3F-8A-71">
      <ModulePath>c:\Program Files\dotnet\shared\Microsoft.NETCore.App\2.0.0\System.Threading.Tasks.Parallel.dll</ModulePath>
      <ModuleTime>2017-07-20T11:22:08Z</ModuleTime>
      <ModuleName>System.Threading.Tasks.Parallel</ModuleName>
      <Files />
      <Classes />
    </Module>
    <Module skippedDueTo="Filter" hash="10-42-81-AF-8F-81-9B-0B-76-B5-4B-B9-33-28-99-5C-B6-BA-9A-69">
      <ModulePath>c:\Program Files\dotnet\shared\Microsoft.NETCore.App\2.0.0\System.Transactions.dll</ModulePath>
      <ModuleTime>2017-07-20T11:22:08Z</ModuleTime>
      <ModuleName>System.Transactions</ModuleName>
      <Files />
      <Classes />
    </Module>
    <Module skippedDueTo="Filter" hash="75-4D-A9-0F-B7-E7-EA-BF-10-D0-31-F9-AD-B2-DB-03-1D-94-E0-4A">
      <ModulePath>c:\Program Files\dotnet\shared\Microsoft.NETCore.App\2.0.0\System.Web.HttpUtility.dll</ModulePath>
      <ModuleTime>2017-07-20T11:22:08Z</ModuleTime>
      <ModuleName>System.Web.HttpUtility</ModuleName>
      <Files />
      <Classes />
    </Module>
    <Module skippedDueTo="Filter" hash="C8-65-5B-22-3B-0C-CF-D1-3D-8C-F1-E1-6F-22-78-FA-F9-08-00-0B">
      <ModulePath>c:\Program Files\dotnet\shared\Microsoft.NETCore.App\2.0.0\System.Web.dll</ModulePath>
      <ModuleTime>2017-07-20T11:22:08Z</ModuleTime>
      <ModuleName>System.Web</ModuleName>
      <Files />
      <Classes />
    </Module>
    <Module skippedDueTo="Filter" hash="51-B3-FC-5B-87-EC-9C-62-9F-36-92-DC-E2-3D-51-28-15-1E-F2-A1">
      <ModulePath>c:\Program Files\dotnet\shared\Microsoft.NETCore.App\2.0.0\System.Windows.dll</ModulePath>
      <ModuleTime>2017-07-20T11:22:08Z</ModuleTime>
      <ModuleName>System.Windows</ModuleName>
      <Files />
      <Classes />
    </Module>
    <Module skippedDueTo="Filter" hash="C2-5B-AF-DE-F7-7C-ED-8A-AF-64-F8-17-98-C6-B6-C0-38-3C-41-0E">
      <ModulePath>c:\Program Files\dotnet\shared\Microsoft.NETCore.App\2.0.0\System.Xml.Linq.dll</ModulePath>
      <ModuleTime>2017-07-20T11:22:08Z</ModuleTime>
      <ModuleName>System.Xml.Linq</ModuleName>
      <Files />
      <Classes />
    </Module>
    <Module skippedDueTo="Filter" hash="99-21-4F-E5-8E-19-A2-98-13-16-F7-47-0C-4F-C3-65-88-BF-24-D6">
      <ModulePath>c:\Program Files\dotnet\shared\Microsoft.NETCore.App\2.0.0\System.Xml.Serialization.dll</ModulePath>
      <ModuleTime>2017-07-20T11:22:08Z</ModuleTime>
      <ModuleName>System.Xml.Serialization</ModuleName>
      <Files />
      <Classes />
    </Module>
    <Module skippedDueTo="Filter" hash="28-3B-58-E9-44-D6-23-42-39-69-D0-A2-60-97-5C-FA-C1-76-00-61">
      <ModulePath>c:\Program Files\dotnet\shared\Microsoft.NETCore.App\2.0.0\System.Xml.XPath.XDocument.dll</ModulePath>
      <ModuleTime>2017-07-20T11:22:08Z</ModuleTime>
      <ModuleName>System.Xml.XPath.XDocument</ModuleName>
      <Files />
      <Classes />
    </Module>
    <Module skippedDueTo="Filter" hash="20-13-19-AB-57-70-E5-05-12-95-4A-16-93-9F-E0-53-B2-91-CC-4D">
      <ModulePath>c:\Program Files\dotnet\shared\Microsoft.NETCore.App\2.0.0\System.Xml.XmlSerializer.dll</ModulePath>
      <ModuleTime>2017-07-20T11:22:08Z</ModuleTime>
      <ModuleName>System.Xml.XmlSerializer</ModuleName>
      <Files />
      <Classes />
    </Module>
    <Module skippedDueTo="Filter" hash="5A-B9-30-51-D4-2B-2C-F8-39-A8-FA-E4-8F-86-C6-73-63-C0-01-0B">
      <ModulePath>c:\Program Files\dotnet\shared\Microsoft.NETCore.App\2.0.0\System.Xml.dll</ModulePath>
      <ModuleTime>2017-07-20T11:22:08Z</ModuleTime>
      <ModuleName>System.Xml</ModuleName>
      <Files />
      <Classes />
    </Module>
    <Module skippedDueTo="Filter" hash="D4-5E-98-CA-90-C3-9D-04-6C-D5-59-94-44-E1-FE-AF-94-0F-A6-D4">
      <ModulePath>c:\Program Files\dotnet\shared\Microsoft.NETCore.App\2.0.0\System.dll</ModulePath>
      <ModuleTime>2017-07-20T11:22:08Z</ModuleTime>
      <ModuleName>System</ModuleName>
      <Files />
      <Classes />
    </Module>
    <Module skippedDueTo="Filter" hash="86-E3-F9-3B-23-97-90-6D-A3-E4-58-A1-38-BE-8B-07-C5-8B-CD-F8">
      <ModulePath>c:\Program Files\dotnet\shared\Microsoft.NETCore.App\2.0.0\WindowsBase.dll</ModulePath>
      <ModuleTime>2017-07-20T11:22:08Z</ModuleTime>
      <ModuleName>WindowsBase</ModuleName>
      <Files />
      <Classes />
    </Module>
    <Module skippedDueTo="Filter" hash="4C-00-C3-A8-40-8E-1B-BF-17-51-E3-D6-2E-05-0F-85-97-79-C2-98">
      <ModulePath>c:\Program Files\dotnet\shared\Microsoft.NETCore.App\2.0.0\mscorlib.dll</ModulePath>
      <ModuleTime>2017-07-20T11:22:06Z</ModuleTime>
      <ModuleName>mscorlib</ModuleName>
      <Files />
      <Classes />
    </Module>
    <Module skippedDueTo="Filter" hash="">
      <ModulePath>RefEmit_InMemoryManifestModule</ModulePath>
      <ModuleTime>0001-01-01T00:00:00</ModuleTime>
      <ModuleName>DynamicProxyGenAssembly2</ModuleName>
      <Files />
      <Classes />
    </Module>
    <Module skippedDueTo="Filter" hash="">
      <ModulePath>RefEmit_InMemoryManifestModule</ModulePath>
      <ModuleTime>0001-01-01T00:00:00</ModuleTime>
      <ModuleName>DynamicProxyGenAssembly2</ModuleName>
      <Files />
      <Classes />
    </Module>
  </Modules>
</CoverageSession>